<?xml version="1.0" encoding="UTF-8"?>
<testsuites name="jest tests" tests="151" failures="151" errors="0" time="1.701">
  <testsuite name="01 — Trip Creation &amp; Member Invitation Flow" errors="0" failures="11" skipped="0" timestamp="2026-02-26T16:14:03" time="0.943" tests="11">
    <testcase classname="01 — Trip Creation &amp; Member Invitation Flow POST /trips → 201 with trip object owned by Alice" name="01 — Trip Creation &amp; Member Invitation Flow POST /trips → 201 with trip object owned by Alice" time="0.037">
      <failure>Error: expected 201 &quot;Created&quot;, got 404 &quot;Not Found&quot;
    at Object.&lt;anonymous&gt; (C:\Users\gunja\OneDrive\Coding Projects\wanderplan-ai\tests\integration\01-trip-creation-flow.test.js:54:8)
    at Promise.then.completed (C:\Users\gunja\OneDrive\Coding Projects\wanderplan-ai\tests\integration\node_modules\jest-circus\build\utils.js:298:28)
    at new Promise (&lt;anonymous&gt;)
    at callAsyncCircusFn (C:\Users\gunja\OneDrive\Coding Projects\wanderplan-ai\tests\integration\node_modules\jest-circus\build\utils.js:231:10)
    at _callCircusTest (C:\Users\gunja\OneDrive\Coding Projects\wanderplan-ai\tests\integration\node_modules\jest-circus\build\run.js:316:40)
    at processTicksAndRejections (node:internal/process/task_queues:103:5)
    at _runTest (C:\Users\gunja\OneDrive\Coding Projects\wanderplan-ai\tests\integration\node_modules\jest-circus\build\run.js:252:3)
    at _runTestsForDescribeBlock (C:\Users\gunja\OneDrive\Coding Projects\wanderplan-ai\tests\integration\node_modules\jest-circus\build\run.js:126:9)
    at _runTestsForDescribeBlock (C:\Users\gunja\OneDrive\Coding Projects\wanderplan-ai\tests\integration\node_modules\jest-circus\build\run.js:121:9)
    at run (C:\Users\gunja\OneDrive\Coding Projects\wanderplan-ai\tests\integration\node_modules\jest-circus\build\run.js:71:3)
    at runAndTransformResultsToJestFormat (C:\Users\gunja\OneDrive\Coding Projects\wanderplan-ai\tests\integration\node_modules\jest-circus\build\legacy-code-todo-rewrite\jestAdapterInit.js:122:21)
    at jestAdapter (C:\Users\gunja\OneDrive\Coding Projects\wanderplan-ai\tests\integration\node_modules\jest-circus\build\legacy-code-todo-rewrite\jestAdapter.js:79:19)
    at runTestInternal (C:\Users\gunja\OneDrive\Coding Projects\wanderplan-ai\tests\integration\node_modules\jest-runner\build\runTest.js:367:16)
    at runTest (C:\Users\gunja\OneDrive\Coding Projects\wanderplan-ai\tests\integration\node_modules\jest-runner\build\runTest.js:444:34)
    at Object.worker (C:\Users\gunja\OneDrive\Coding Projects\wanderplan-ai\tests\integration\node_modules\jest-runner\build\testWorker.js:106:12)
----
    at Test._assertStatus (C:\Users\gunja\OneDrive\Coding Projects\wanderplan-ai\tests\integration\node_modules\supertest\lib\test.js:252:14)
    at C:\Users\gunja\OneDrive\Coding Projects\wanderplan-ai\tests\integration\node_modules\supertest\lib\test.js:308:13
    at Test._assertFunction (C:\Users\gunja\OneDrive\Coding Projects\wanderplan-ai\tests\integration\node_modules\supertest\lib\test.js:285:13)
    at Test.assert (C:\Users\gunja\OneDrive\Coding Projects\wanderplan-ai\tests\integration\node_modules\supertest\lib\test.js:164:23)
    at localAssert (C:\Users\gunja\OneDrive\Coding Projects\wanderplan-ai\tests\integration\node_modules\supertest\lib\test.js:120:14)
    at C:\Users\gunja\OneDrive\Coding Projects\wanderplan-ai\tests\integration\node_modules\supertest\lib\test.js:125:7
    at Test.fn [as callback] (C:\Users\gunja\OneDrive\Coding Projects\wanderplan-ai\tests\integration\node_modules\superagent\src\node\index.js:925:3)
    at callback (C:\Users\gunja\OneDrive\Coding Projects\wanderplan-ai\tests\integration\node_modules\superagent\src\node\index.js:1166:18)
    at IncomingMessage.fn (C:\Users\gunja\OneDrive\Coding Projects\wanderplan-ai\tests\integration\node_modules\superagent\src\node\parsers\json.js:19:7)
    at IncomingMessage.emit (node:events:520:35)
    at endReadableNT (node:internal/streams/readable:1701:12)
    at processTicksAndRejections (node:internal/process/task_queues:89:21)</failure>
    </testcase>
    <testcase classname="01 — Trip Creation &amp; Member Invitation Flow Trip owner appears in trip_members immediately with role=owner" name="01 — Trip Creation &amp; Member Invitation Flow Trip owner appears in trip_members immediately with role=owner" time="0">
      <failure>TypeError: Cannot read properties of undefined (reading &apos;id&apos;)
    at Object.&lt;anonymous&gt; (C:\Users\gunja\OneDrive\Coding Projects\wanderplan-ai\tests\integration\01-trip-creation-flow.test.js:73:13)
    at Promise.then.completed (C:\Users\gunja\OneDrive\Coding Projects\wanderplan-ai\tests\integration\node_modules\jest-circus\build\utils.js:298:28)
    at new Promise (&lt;anonymous&gt;)
    at callAsyncCircusFn (C:\Users\gunja\OneDrive\Coding Projects\wanderplan-ai\tests\integration\node_modules\jest-circus\build\utils.js:231:10)
    at _callCircusTest (C:\Users\gunja\OneDrive\Coding Projects\wanderplan-ai\tests\integration\node_modules\jest-circus\build\run.js:316:40)
    at processTicksAndRejections (node:internal/process/task_queues:103:5)
    at _runTest (C:\Users\gunja\OneDrive\Coding Projects\wanderplan-ai\tests\integration\node_modules\jest-circus\build\run.js:252:3)
    at _runTestsForDescribeBlock (C:\Users\gunja\OneDrive\Coding Projects\wanderplan-ai\tests\integration\node_modules\jest-circus\build\run.js:126:9)
    at _runTestsForDescribeBlock (C:\Users\gunja\OneDrive\Coding Projects\wanderplan-ai\tests\integration\node_modules\jest-circus\build\run.js:121:9)
    at run (C:\Users\gunja\OneDrive\Coding Projects\wanderplan-ai\tests\integration\node_modules\jest-circus\build\run.js:71:3)
    at runAndTransformResultsToJestFormat (C:\Users\gunja\OneDrive\Coding Projects\wanderplan-ai\tests\integration\node_modules\jest-circus\build\legacy-code-todo-rewrite\jestAdapterInit.js:122:21)
    at jestAdapter (C:\Users\gunja\OneDrive\Coding Projects\wanderplan-ai\tests\integration\node_modules\jest-circus\build\legacy-code-todo-rewrite\jestAdapter.js:79:19)
    at runTestInternal (C:\Users\gunja\OneDrive\Coding Projects\wanderplan-ai\tests\integration\node_modules\jest-runner\build\runTest.js:367:16)
    at runTest (C:\Users\gunja\OneDrive\Coding Projects\wanderplan-ai\tests\integration\node_modules\jest-runner\build\runTest.js:444:34)
    at Object.worker (C:\Users\gunja\OneDrive\Coding Projects\wanderplan-ai\tests\integration\node_modules\jest-runner\build\testWorker.js:106:12)</failure>
    </testcase>
    <testcase classname="01 — Trip Creation &amp; Member Invitation Flow POST /trips/:id/members → 201 invitation record for Bob" name="01 — Trip Creation &amp; Member Invitation Flow POST /trips/:id/members → 201 invitation record for Bob" time="0">
      <failure>TypeError: Cannot read properties of undefined (reading &apos;id&apos;)
    at Object.&lt;anonymous&gt; (C:\Users\gunja\OneDrive\Coding Projects\wanderplan-ai\tests\integration\01-trip-creation-flow.test.js:88:28)
    at Promise.then.completed (C:\Users\gunja\OneDrive\Coding Projects\wanderplan-ai\tests\integration\node_modules\jest-circus\build\utils.js:298:28)
    at new Promise (&lt;anonymous&gt;)
    at callAsyncCircusFn (C:\Users\gunja\OneDrive\Coding Projects\wanderplan-ai\tests\integration\node_modules\jest-circus\build\utils.js:231:10)
    at _callCircusTest (C:\Users\gunja\OneDrive\Coding Projects\wanderplan-ai\tests\integration\node_modules\jest-circus\build\run.js:316:40)
    at processTicksAndRejections (node:internal/process/task_queues:103:5)
    at _runTest (C:\Users\gunja\OneDrive\Coding Projects\wanderplan-ai\tests\integration\node_modules\jest-circus\build\run.js:252:3)
    at _runTestsForDescribeBlock (C:\Users\gunja\OneDrive\Coding Projects\wanderplan-ai\tests\integration\node_modules\jest-circus\build\run.js:126:9)
    at _runTestsForDescribeBlock (C:\Users\gunja\OneDrive\Coding Projects\wanderplan-ai\tests\integration\node_modules\jest-circus\build\run.js:121:9)
    at run (C:\Users\gunja\OneDrive\Coding Projects\wanderplan-ai\tests\integration\node_modules\jest-circus\build\run.js:71:3)
    at runAndTransformResultsToJestFormat (C:\Users\gunja\OneDrive\Coding Projects\wanderplan-ai\tests\integration\node_modules\jest-circus\build\legacy-code-todo-rewrite\jestAdapterInit.js:122:21)
    at jestAdapter (C:\Users\gunja\OneDrive\Coding Projects\wanderplan-ai\tests\integration\node_modules\jest-circus\build\legacy-code-todo-rewrite\jestAdapter.js:79:19)
    at runTestInternal (C:\Users\gunja\OneDrive\Coding Projects\wanderplan-ai\tests\integration\node_modules\jest-runner\build\runTest.js:367:16)
    at runTest (C:\Users\gunja\OneDrive\Coding Projects\wanderplan-ai\tests\integration\node_modules\jest-runner\build\runTest.js:444:34)
    at Object.worker (C:\Users\gunja\OneDrive\Coding Projects\wanderplan-ai\tests\integration\node_modules\jest-runner\build\testWorker.js:106:12)</failure>
    </testcase>
    <testcase classname="01 — Trip Creation &amp; Member Invitation Flow Bob appears in trip_members as pending before acceptance" name="01 — Trip Creation &amp; Member Invitation Flow Bob appears in trip_members as pending before acceptance" time="0">
      <failure>TypeError: Cannot read properties of undefined (reading &apos;id&apos;)
    at Object.&lt;anonymous&gt; (C:\Users\gunja\OneDrive\Coding Projects\wanderplan-ai\tests\integration\01-trip-creation-flow.test.js:104:13)
    at Promise.then.completed (C:\Users\gunja\OneDrive\Coding Projects\wanderplan-ai\tests\integration\node_modules\jest-circus\build\utils.js:298:28)
    at new Promise (&lt;anonymous&gt;)
    at callAsyncCircusFn (C:\Users\gunja\OneDrive\Coding Projects\wanderplan-ai\tests\integration\node_modules\jest-circus\build\utils.js:231:10)
    at _callCircusTest (C:\Users\gunja\OneDrive\Coding Projects\wanderplan-ai\tests\integration\node_modules\jest-circus\build\run.js:316:40)
    at processTicksAndRejections (node:internal/process/task_queues:103:5)
    at _runTest (C:\Users\gunja\OneDrive\Coding Projects\wanderplan-ai\tests\integration\node_modules\jest-circus\build\run.js:252:3)
    at _runTestsForDescribeBlock (C:\Users\gunja\OneDrive\Coding Projects\wanderplan-ai\tests\integration\node_modules\jest-circus\build\run.js:126:9)
    at _runTestsForDescribeBlock (C:\Users\gunja\OneDrive\Coding Projects\wanderplan-ai\tests\integration\node_modules\jest-circus\build\run.js:121:9)
    at run (C:\Users\gunja\OneDrive\Coding Projects\wanderplan-ai\tests\integration\node_modules\jest-circus\build\run.js:71:3)
    at runAndTransformResultsToJestFormat (C:\Users\gunja\OneDrive\Coding Projects\wanderplan-ai\tests\integration\node_modules\jest-circus\build\legacy-code-todo-rewrite\jestAdapterInit.js:122:21)
    at jestAdapter (C:\Users\gunja\OneDrive\Coding Projects\wanderplan-ai\tests\integration\node_modules\jest-circus\build\legacy-code-todo-rewrite\jestAdapter.js:79:19)
    at runTestInternal (C:\Users\gunja\OneDrive\Coding Projects\wanderplan-ai\tests\integration\node_modules\jest-runner\build\runTest.js:367:16)
    at runTest (C:\Users\gunja\OneDrive\Coding Projects\wanderplan-ai\tests\integration\node_modules\jest-runner\build\runTest.js:444:34)
    at Object.worker (C:\Users\gunja\OneDrive\Coding Projects\wanderplan-ai\tests\integration\node_modules\jest-runner\build\testWorker.js:106:12)</failure>
    </testcase>
    <testcase classname="01 — Trip Creation &amp; Member Invitation Flow PUT /trips/:id/members/:userId → 200 Bob accepts invitation" name="01 — Trip Creation &amp; Member Invitation Flow PUT /trips/:id/members/:userId → 200 Bob accepts invitation" time="0">
      <failure>TypeError: Cannot read properties of undefined (reading &apos;id&apos;)
    at Object.&lt;anonymous&gt; (C:\Users\gunja\OneDrive\Coding Projects\wanderplan-ai\tests\integration\01-trip-creation-flow.test.js:115:27)
    at Promise.then.completed (C:\Users\gunja\OneDrive\Coding Projects\wanderplan-ai\tests\integration\node_modules\jest-circus\build\utils.js:298:28)
    at new Promise (&lt;anonymous&gt;)
    at callAsyncCircusFn (C:\Users\gunja\OneDrive\Coding Projects\wanderplan-ai\tests\integration\node_modules\jest-circus\build\utils.js:231:10)
    at _callCircusTest (C:\Users\gunja\OneDrive\Coding Projects\wanderplan-ai\tests\integration\node_modules\jest-circus\build\run.js:316:40)
    at processTicksAndRejections (node:internal/process/task_queues:103:5)
    at _runTest (C:\Users\gunja\OneDrive\Coding Projects\wanderplan-ai\tests\integration\node_modules\jest-circus\build\run.js:252:3)
    at _runTestsForDescribeBlock (C:\Users\gunja\OneDrive\Coding Projects\wanderplan-ai\tests\integration\node_modules\jest-circus\build\run.js:126:9)
    at _runTestsForDescribeBlock (C:\Users\gunja\OneDrive\Coding Projects\wanderplan-ai\tests\integration\node_modules\jest-circus\build\run.js:121:9)
    at run (C:\Users\gunja\OneDrive\Coding Projects\wanderplan-ai\tests\integration\node_modules\jest-circus\build\run.js:71:3)
    at runAndTransformResultsToJestFormat (C:\Users\gunja\OneDrive\Coding Projects\wanderplan-ai\tests\integration\node_modules\jest-circus\build\legacy-code-todo-rewrite\jestAdapterInit.js:122:21)
    at jestAdapter (C:\Users\gunja\OneDrive\Coding Projects\wanderplan-ai\tests\integration\node_modules\jest-circus\build\legacy-code-todo-rewrite\jestAdapter.js:79:19)
    at runTestInternal (C:\Users\gunja\OneDrive\Coding Projects\wanderplan-ai\tests\integration\node_modules\jest-runner\build\runTest.js:367:16)
    at runTest (C:\Users\gunja\OneDrive\Coding Projects\wanderplan-ai\tests\integration\node_modules\jest-runner\build\runTest.js:444:34)
    at Object.worker (C:\Users\gunja\OneDrive\Coding Projects\wanderplan-ai\tests\integration\node_modules\jest-runner\build\testWorker.js:106:12)</failure>
    </testcase>
    <testcase classname="01 — Trip Creation &amp; Member Invitation Flow trip_members has exactly 2 rows after acceptance" name="01 — Trip Creation &amp; Member Invitation Flow trip_members has exactly 2 rows after acceptance" time="0.001">
      <failure>TypeError: Cannot read properties of undefined (reading &apos;id&apos;)
    at Object.&lt;anonymous&gt; (C:\Users\gunja\OneDrive\Coding Projects\wanderplan-ai\tests\integration\01-trip-creation-flow.test.js:133:13)
    at Promise.then.completed (C:\Users\gunja\OneDrive\Coding Projects\wanderplan-ai\tests\integration\node_modules\jest-circus\build\utils.js:298:28)
    at new Promise (&lt;anonymous&gt;)
    at callAsyncCircusFn (C:\Users\gunja\OneDrive\Coding Projects\wanderplan-ai\tests\integration\node_modules\jest-circus\build\utils.js:231:10)
    at _callCircusTest (C:\Users\gunja\OneDrive\Coding Projects\wanderplan-ai\tests\integration\node_modules\jest-circus\build\run.js:316:40)
    at processTicksAndRejections (node:internal/process/task_queues:103:5)
    at _runTest (C:\Users\gunja\OneDrive\Coding Projects\wanderplan-ai\tests\integration\node_modules\jest-circus\build\run.js:252:3)
    at _runTestsForDescribeBlock (C:\Users\gunja\OneDrive\Coding Projects\wanderplan-ai\tests\integration\node_modules\jest-circus\build\run.js:126:9)
    at _runTestsForDescribeBlock (C:\Users\gunja\OneDrive\Coding Projects\wanderplan-ai\tests\integration\node_modules\jest-circus\build\run.js:121:9)
    at run (C:\Users\gunja\OneDrive\Coding Projects\wanderplan-ai\tests\integration\node_modules\jest-circus\build\run.js:71:3)
    at runAndTransformResultsToJestFormat (C:\Users\gunja\OneDrive\Coding Projects\wanderplan-ai\tests\integration\node_modules\jest-circus\build\legacy-code-todo-rewrite\jestAdapterInit.js:122:21)
    at jestAdapter (C:\Users\gunja\OneDrive\Coding Projects\wanderplan-ai\tests\integration\node_modules\jest-circus\build\legacy-code-todo-rewrite\jestAdapter.js:79:19)
    at runTestInternal (C:\Users\gunja\OneDrive\Coding Projects\wanderplan-ai\tests\integration\node_modules\jest-runner\build\runTest.js:367:16)
    at runTest (C:\Users\gunja\OneDrive\Coding Projects\wanderplan-ai\tests\integration\node_modules\jest-runner\build\runTest.js:444:34)
    at Object.worker (C:\Users\gunja\OneDrive\Coding Projects\wanderplan-ai\tests\integration\node_modules\jest-runner\build\testWorker.js:106:12)</failure>
    </testcase>
    <testcase classname="01 — Trip Creation &amp; Member Invitation Flow Alice has role=owner and status=accepted" name="01 — Trip Creation &amp; Member Invitation Flow Alice has role=owner and status=accepted" time="0">
      <failure>TypeError: Cannot read properties of undefined (reading &apos;id&apos;)
    at Object.&lt;anonymous&gt; (C:\Users\gunja\OneDrive\Coding Projects\wanderplan-ai\tests\integration\01-trip-creation-flow.test.js:143:13)
    at Promise.then.completed (C:\Users\gunja\OneDrive\Coding Projects\wanderplan-ai\tests\integration\node_modules\jest-circus\build\utils.js:298:28)
    at new Promise (&lt;anonymous&gt;)
    at callAsyncCircusFn (C:\Users\gunja\OneDrive\Coding Projects\wanderplan-ai\tests\integration\node_modules\jest-circus\build\utils.js:231:10)
    at _callCircusTest (C:\Users\gunja\OneDrive\Coding Projects\wanderplan-ai\tests\integration\node_modules\jest-circus\build\run.js:316:40)
    at processTicksAndRejections (node:internal/process/task_queues:103:5)
    at _runTest (C:\Users\gunja\OneDrive\Coding Projects\wanderplan-ai\tests\integration\node_modules\jest-circus\build\run.js:252:3)
    at _runTestsForDescribeBlock (C:\Users\gunja\OneDrive\Coding Projects\wanderplan-ai\tests\integration\node_modules\jest-circus\build\run.js:126:9)
    at _runTestsForDescribeBlock (C:\Users\gunja\OneDrive\Coding Projects\wanderplan-ai\tests\integration\node_modules\jest-circus\build\run.js:121:9)
    at run (C:\Users\gunja\OneDrive\Coding Projects\wanderplan-ai\tests\integration\node_modules\jest-circus\build\run.js:71:3)
    at runAndTransformResultsToJestFormat (C:\Users\gunja\OneDrive\Coding Projects\wanderplan-ai\tests\integration\node_modules\jest-circus\build\legacy-code-todo-rewrite\jestAdapterInit.js:122:21)
    at jestAdapter (C:\Users\gunja\OneDrive\Coding Projects\wanderplan-ai\tests\integration\node_modules\jest-circus\build\legacy-code-todo-rewrite\jestAdapter.js:79:19)
    at runTestInternal (C:\Users\gunja\OneDrive\Coding Projects\wanderplan-ai\tests\integration\node_modules\jest-runner\build\runTest.js:367:16)
    at runTest (C:\Users\gunja\OneDrive\Coding Projects\wanderplan-ai\tests\integration\node_modules\jest-runner\build\runTest.js:444:34)
    at Object.worker (C:\Users\gunja\OneDrive\Coding Projects\wanderplan-ai\tests\integration\node_modules\jest-runner\build\testWorker.js:106:12)</failure>
    </testcase>
    <testcase classname="01 — Trip Creation &amp; Member Invitation Flow Bob has role=member and status=accepted" name="01 — Trip Creation &amp; Member Invitation Flow Bob has role=member and status=accepted" time="0">
      <failure>TypeError: Cannot read properties of undefined (reading &apos;id&apos;)
    at Object.&lt;anonymous&gt; (C:\Users\gunja\OneDrive\Coding Projects\wanderplan-ai\tests\integration\01-trip-creation-flow.test.js:153:13)
    at Promise.then.completed (C:\Users\gunja\OneDrive\Coding Projects\wanderplan-ai\tests\integration\node_modules\jest-circus\build\utils.js:298:28)
    at new Promise (&lt;anonymous&gt;)
    at callAsyncCircusFn (C:\Users\gunja\OneDrive\Coding Projects\wanderplan-ai\tests\integration\node_modules\jest-circus\build\utils.js:231:10)
    at _callCircusTest (C:\Users\gunja\OneDrive\Coding Projects\wanderplan-ai\tests\integration\node_modules\jest-circus\build\run.js:316:40)
    at processTicksAndRejections (node:internal/process/task_queues:103:5)
    at _runTest (C:\Users\gunja\OneDrive\Coding Projects\wanderplan-ai\tests\integration\node_modules\jest-circus\build\run.js:252:3)
    at _runTestsForDescribeBlock (C:\Users\gunja\OneDrive\Coding Projects\wanderplan-ai\tests\integration\node_modules\jest-circus\build\run.js:126:9)
    at _runTestsForDescribeBlock (C:\Users\gunja\OneDrive\Coding Projects\wanderplan-ai\tests\integration\node_modules\jest-circus\build\run.js:121:9)
    at run (C:\Users\gunja\OneDrive\Coding Projects\wanderplan-ai\tests\integration\node_modules\jest-circus\build\run.js:71:3)
    at runAndTransformResultsToJestFormat (C:\Users\gunja\OneDrive\Coding Projects\wanderplan-ai\tests\integration\node_modules\jest-circus\build\legacy-code-todo-rewrite\jestAdapterInit.js:122:21)
    at jestAdapter (C:\Users\gunja\OneDrive\Coding Projects\wanderplan-ai\tests\integration\node_modules\jest-circus\build\legacy-code-todo-rewrite\jestAdapter.js:79:19)
    at runTestInternal (C:\Users\gunja\OneDrive\Coding Projects\wanderplan-ai\tests\integration\node_modules\jest-runner\build\runTest.js:367:16)
    at runTest (C:\Users\gunja\OneDrive\Coding Projects\wanderplan-ai\tests\integration\node_modules\jest-runner\build\runTest.js:444:34)
    at Object.worker (C:\Users\gunja\OneDrive\Coding Projects\wanderplan-ai\tests\integration\node_modules\jest-runner\build\testWorker.js:106:12)</failure>
    </testcase>
    <testcase classname="01 — Trip Creation &amp; Member Invitation Flow Carol (non-member) gets 403 when accessing the trip" name="01 — Trip Creation &amp; Member Invitation Flow Carol (non-member) gets 403 when accessing the trip" time="0.008">
      <failure>TypeError: Cannot read properties of undefined (reading &apos;id&apos;)
    at Object.&lt;anonymous&gt; (C:\Users\gunja\OneDrive\Coding Projects\wanderplan-ai\tests\integration\01-trip-creation-flow.test.js:165:27)
    at processTicksAndRejections (node:internal/process/task_queues:103:5)</failure>
    </testcase>
    <testcase classname="01 — Trip Creation &amp; Member Invitation Flow Bob (member) gets 403 when trying to invite a third user" name="01 — Trip Creation &amp; Member Invitation Flow Bob (member) gets 403 when trying to invite a third user" time="0">
      <failure>TypeError: Cannot read properties of undefined (reading &apos;id&apos;)
    at Object.&lt;anonymous&gt; (C:\Users\gunja\OneDrive\Coding Projects\wanderplan-ai\tests\integration\01-trip-creation-flow.test.js:174:28)
    at Promise.then.completed (C:\Users\gunja\OneDrive\Coding Projects\wanderplan-ai\tests\integration\node_modules\jest-circus\build\utils.js:298:28)
    at new Promise (&lt;anonymous&gt;)
    at callAsyncCircusFn (C:\Users\gunja\OneDrive\Coding Projects\wanderplan-ai\tests\integration\node_modules\jest-circus\build\utils.js:231:10)
    at _callCircusTest (C:\Users\gunja\OneDrive\Coding Projects\wanderplan-ai\tests\integration\node_modules\jest-circus\build\run.js:316:40)
    at processTicksAndRejections (node:internal/process/task_queues:103:5)
    at _runTest (C:\Users\gunja\OneDrive\Coding Projects\wanderplan-ai\tests\integration\node_modules\jest-circus\build\run.js:252:3)
    at _runTestsForDescribeBlock (C:\Users\gunja\OneDrive\Coding Projects\wanderplan-ai\tests\integration\node_modules\jest-circus\build\run.js:126:9)
    at _runTestsForDescribeBlock (C:\Users\gunja\OneDrive\Coding Projects\wanderplan-ai\tests\integration\node_modules\jest-circus\build\run.js:121:9)
    at run (C:\Users\gunja\OneDrive\Coding Projects\wanderplan-ai\tests\integration\node_modules\jest-circus\build\run.js:71:3)
    at runAndTransformResultsToJestFormat (C:\Users\gunja\OneDrive\Coding Projects\wanderplan-ai\tests\integration\node_modules\jest-circus\build\legacy-code-todo-rewrite\jestAdapterInit.js:122:21)
    at jestAdapter (C:\Users\gunja\OneDrive\Coding Projects\wanderplan-ai\tests\integration\node_modules\jest-circus\build\legacy-code-todo-rewrite\jestAdapter.js:79:19)
    at runTestInternal (C:\Users\gunja\OneDrive\Coding Projects\wanderplan-ai\tests\integration\node_modules\jest-runner\build\runTest.js:367:16)
    at runTest (C:\Users\gunja\OneDrive\Coding Projects\wanderplan-ai\tests\integration\node_modules\jest-runner\build\runTest.js:444:34)
    at Object.worker (C:\Users\gunja\OneDrive\Coding Projects\wanderplan-ai\tests\integration\node_modules\jest-runner\build\testWorker.js:106:12)</failure>
    </testcase>
    <testcase classname="01 — Trip Creation &amp; Member Invitation Flow GET /trips/:id → members array contains Alice and Bob with correct roles" name="01 — Trip Creation &amp; Member Invitation Flow GET /trips/:id → members array contains Alice and Bob with correct roles" time="0">
      <failure>TypeError: Cannot read properties of undefined (reading &apos;id&apos;)
    at Object.&lt;anonymous&gt; (C:\Users\gunja\OneDrive\Coding Projects\wanderplan-ai\tests\integration\01-trip-creation-flow.test.js:184:27)
    at Promise.then.completed (C:\Users\gunja\OneDrive\Coding Projects\wanderplan-ai\tests\integration\node_modules\jest-circus\build\utils.js:298:28)
    at new Promise (&lt;anonymous&gt;)
    at callAsyncCircusFn (C:\Users\gunja\OneDrive\Coding Projects\wanderplan-ai\tests\integration\node_modules\jest-circus\build\utils.js:231:10)
    at _callCircusTest (C:\Users\gunja\OneDrive\Coding Projects\wanderplan-ai\tests\integration\node_modules\jest-circus\build\run.js:316:40)
    at processTicksAndRejections (node:internal/process/task_queues:103:5)
    at _runTest (C:\Users\gunja\OneDrive\Coding Projects\wanderplan-ai\tests\integration\node_modules\jest-circus\build\run.js:252:3)
    at _runTestsForDescribeBlock (C:\Users\gunja\OneDrive\Coding Projects\wanderplan-ai\tests\integration\node_modules\jest-circus\build\run.js:126:9)
    at _runTestsForDescribeBlock (C:\Users\gunja\OneDrive\Coding Projects\wanderplan-ai\tests\integration\node_modules\jest-circus\build\run.js:121:9)
    at run (C:\Users\gunja\OneDrive\Coding Projects\wanderplan-ai\tests\integration\node_modules\jest-circus\build\run.js:71:3)
    at runAndTransformResultsToJestFormat (C:\Users\gunja\OneDrive\Coding Projects\wanderplan-ai\tests\integration\node_modules\jest-circus\build\legacy-code-todo-rewrite\jestAdapterInit.js:122:21)
    at jestAdapter (C:\Users\gunja\OneDrive\Coding Projects\wanderplan-ai\tests\integration\node_modules\jest-circus\build\legacy-code-todo-rewrite\jestAdapter.js:79:19)
    at runTestInternal (C:\Users\gunja\OneDrive\Coding Projects\wanderplan-ai\tests\integration\node_modules\jest-runner\build\runTest.js:367:16)
    at runTest (C:\Users\gunja\OneDrive\Coding Projects\wanderplan-ai\tests\integration\node_modules\jest-runner\build\runTest.js:444:34)
    at Object.worker (C:\Users\gunja\OneDrive\Coding Projects\wanderplan-ai\tests\integration\node_modules\jest-runner\build\testWorker.js:106:12)</failure>
    </testcase>
  </testsuite>
  <testsuite name="04 — Budget → Flight Integration" errors="0" failures="14" skipped="0" timestamp="2026-02-26T16:14:03" time="0.948" tests="14">
    <testcase classname="04 — Budget → Flight Integration POST /trips/:id/budget with daily_budget=150 → 200 with budget object" name="04 — Budget → Flight Integration POST /trips/:id/budget with daily_budget=150 → 200 with budget object" time="0.011">
      <failure>Error: expected 201 &quot;Created&quot;, got 404 &quot;Not Found&quot;
    at createTrip (C:\Users\gunja\OneDrive\Coding Projects\wanderplan-ai\tests\integration\setup\helpers.js:81:6)
    at Object.&lt;anonymous&gt; (C:\Users\gunja\OneDrive\Coding Projects\wanderplan-ai\tests\integration\04-budget-flight-integration.test.js:60:19)
    at processTicksAndRejections (node:internal/process/task_queues:103:5)
----
    at Test._assertStatus (C:\Users\gunja\OneDrive\Coding Projects\wanderplan-ai\tests\integration\node_modules\supertest\lib\test.js:252:14)
    at C:\Users\gunja\OneDrive\Coding Projects\wanderplan-ai\tests\integration\node_modules\supertest\lib\test.js:308:13
    at Test._assertFunction (C:\Users\gunja\OneDrive\Coding Projects\wanderplan-ai\tests\integration\node_modules\supertest\lib\test.js:285:13)
    at Test.assert (C:\Users\gunja\OneDrive\Coding Projects\wanderplan-ai\tests\integration\node_modules\supertest\lib\test.js:164:23)
    at localAssert (C:\Users\gunja\OneDrive\Coding Projects\wanderplan-ai\tests\integration\node_modules\supertest\lib\test.js:120:14)
    at C:\Users\gunja\OneDrive\Coding Projects\wanderplan-ai\tests\integration\node_modules\supertest\lib\test.js:125:7
    at Test.fn [as callback] (C:\Users\gunja\OneDrive\Coding Projects\wanderplan-ai\tests\integration\node_modules\superagent\src\node\index.js:925:3)
    at callback (C:\Users\gunja\OneDrive\Coding Projects\wanderplan-ai\tests\integration\node_modules\superagent\src\node\index.js:1166:18)
    at IncomingMessage.fn (C:\Users\gunja\OneDrive\Coding Projects\wanderplan-ai\tests\integration\node_modules\superagent\src\node\parsers\json.js:19:7)
    at IncomingMessage.emit (node:events:520:35)
    at endReadableNT (node:internal/streams/readable:1701:12)
    at processTicksAndRejections (node:internal/process/task_queues:89:21)</failure>
    </testcase>
    <testcase classname="04 — Budget → Flight Integration Budget breakdown.flights matches formula: total_budget * 0.30" name="04 — Budget → Flight Integration Budget breakdown.flights matches formula: total_budget * 0.30" time="0">
      <failure>Error: expected 201 &quot;Created&quot;, got 404 &quot;Not Found&quot;
    at createTrip (C:\Users\gunja\OneDrive\Coding Projects\wanderplan-ai\tests\integration\setup\helpers.js:81:6)
    at Object.&lt;anonymous&gt; (C:\Users\gunja\OneDrive\Coding Projects\wanderplan-ai\tests\integration\04-budget-flight-integration.test.js:60:19)
    at processTicksAndRejections (node:internal/process/task_queues:103:5)
----
    at Test._assertStatus (C:\Users\gunja\OneDrive\Coding Projects\wanderplan-ai\tests\integration\node_modules\supertest\lib\test.js:252:14)
    at C:\Users\gunja\OneDrive\Coding Projects\wanderplan-ai\tests\integration\node_modules\supertest\lib\test.js:308:13
    at Test._assertFunction (C:\Users\gunja\OneDrive\Coding Projects\wanderplan-ai\tests\integration\node_modules\supertest\lib\test.js:285:13)
    at Test.assert (C:\Users\gunja\OneDrive\Coding Projects\wanderplan-ai\tests\integration\node_modules\supertest\lib\test.js:164:23)
    at localAssert (C:\Users\gunja\OneDrive\Coding Projects\wanderplan-ai\tests\integration\node_modules\supertest\lib\test.js:120:14)
    at C:\Users\gunja\OneDrive\Coding Projects\wanderplan-ai\tests\integration\node_modules\supertest\lib\test.js:125:7
    at Test.fn [as callback] (C:\Users\gunja\OneDrive\Coding Projects\wanderplan-ai\tests\integration\node_modules\superagent\src\node\index.js:925:3)
    at callback (C:\Users\gunja\OneDrive\Coding Projects\wanderplan-ai\tests\integration\node_modules\superagent\src\node\index.js:1166:18)
    at IncomingMessage.fn (C:\Users\gunja\OneDrive\Coding Projects\wanderplan-ai\tests\integration\node_modules\superagent\src\node\parsers\json.js:19:7)
    at IncomingMessage.emit (node:events:520:35)
    at endReadableNT (node:internal/streams/readable:1701:12)
    at processTicksAndRejections (node:internal/process/task_queues:89:21)</failure>
    </testcase>
    <testcase classname="04 — Budget → Flight Integration Budget breakdown allocations sum to total_budget" name="04 — Budget → Flight Integration Budget breakdown allocations sum to total_budget" time="0.001">
      <failure>Error: expected 201 &quot;Created&quot;, got 404 &quot;Not Found&quot;
    at createTrip (C:\Users\gunja\OneDrive\Coding Projects\wanderplan-ai\tests\integration\setup\helpers.js:81:6)
    at Object.&lt;anonymous&gt; (C:\Users\gunja\OneDrive\Coding Projects\wanderplan-ai\tests\integration\04-budget-flight-integration.test.js:60:19)
    at processTicksAndRejections (node:internal/process/task_queues:103:5)
----
    at Test._assertStatus (C:\Users\gunja\OneDrive\Coding Projects\wanderplan-ai\tests\integration\node_modules\supertest\lib\test.js:252:14)
    at C:\Users\gunja\OneDrive\Coding Projects\wanderplan-ai\tests\integration\node_modules\supertest\lib\test.js:308:13
    at Test._assertFunction (C:\Users\gunja\OneDrive\Coding Projects\wanderplan-ai\tests\integration\node_modules\supertest\lib\test.js:285:13)
    at Test.assert (C:\Users\gunja\OneDrive\Coding Projects\wanderplan-ai\tests\integration\node_modules\supertest\lib\test.js:164:23)
    at localAssert (C:\Users\gunja\OneDrive\Coding Projects\wanderplan-ai\tests\integration\node_modules\supertest\lib\test.js:120:14)
    at C:\Users\gunja\OneDrive\Coding Projects\wanderplan-ai\tests\integration\node_modules\supertest\lib\test.js:125:7
    at Test.fn [as callback] (C:\Users\gunja\OneDrive\Coding Projects\wanderplan-ai\tests\integration\node_modules\superagent\src\node\index.js:925:3)
    at callback (C:\Users\gunja\OneDrive\Coding Projects\wanderplan-ai\tests\integration\node_modules\superagent\src\node\index.js:1166:18)
    at IncomingMessage.fn (C:\Users\gunja\OneDrive\Coding Projects\wanderplan-ai\tests\integration\node_modules\superagent\src\node\parsers\json.js:19:7)
    at IncomingMessage.emit (node:events:520:35)
    at endReadableNT (node:internal/streams/readable:1701:12)
    at processTicksAndRejections (node:internal/process/task_queues:89:21)</failure>
    </testcase>
    <testcase classname="04 — Budget → Flight Integration GET /trips/:id/budget/breakdown matches POST response" name="04 — Budget → Flight Integration GET /trips/:id/budget/breakdown matches POST response" time="0">
      <failure>Error: expected 201 &quot;Created&quot;, got 404 &quot;Not Found&quot;
    at createTrip (C:\Users\gunja\OneDrive\Coding Projects\wanderplan-ai\tests\integration\setup\helpers.js:81:6)
    at Object.&lt;anonymous&gt; (C:\Users\gunja\OneDrive\Coding Projects\wanderplan-ai\tests\integration\04-budget-flight-integration.test.js:60:19)
    at processTicksAndRejections (node:internal/process/task_queues:103:5)
----
    at Test._assertStatus (C:\Users\gunja\OneDrive\Coding Projects\wanderplan-ai\tests\integration\node_modules\supertest\lib\test.js:252:14)
    at C:\Users\gunja\OneDrive\Coding Projects\wanderplan-ai\tests\integration\node_modules\supertest\lib\test.js:308:13
    at Test._assertFunction (C:\Users\gunja\OneDrive\Coding Projects\wanderplan-ai\tests\integration\node_modules\supertest\lib\test.js:285:13)
    at Test.assert (C:\Users\gunja\OneDrive\Coding Projects\wanderplan-ai\tests\integration\node_modules\supertest\lib\test.js:164:23)
    at localAssert (C:\Users\gunja\OneDrive\Coding Projects\wanderplan-ai\tests\integration\node_modules\supertest\lib\test.js:120:14)
    at C:\Users\gunja\OneDrive\Coding Projects\wanderplan-ai\tests\integration\node_modules\supertest\lib\test.js:125:7
    at Test.fn [as callback] (C:\Users\gunja\OneDrive\Coding Projects\wanderplan-ai\tests\integration\node_modules\superagent\src\node\index.js:925:3)
    at callback (C:\Users\gunja\OneDrive\Coding Projects\wanderplan-ai\tests\integration\node_modules\superagent\src\node\index.js:1166:18)
    at IncomingMessage.fn (C:\Users\gunja\OneDrive\Coding Projects\wanderplan-ai\tests\integration\node_modules\superagent\src\node\parsers\json.js:19:7)
    at IncomingMessage.emit (node:events:520:35)
    at endReadableNT (node:internal/streams/readable:1701:12)
    at processTicksAndRejections (node:internal/process/task_queues:89:21)</failure>
    </testcase>
    <testcase classname="04 — Budget → Flight Integration POST /trips/:id/flights/search → 200 returns flight options" name="04 — Budget → Flight Integration POST /trips/:id/flights/search → 200 returns flight options" time="0">
      <failure>Error: expected 201 &quot;Created&quot;, got 404 &quot;Not Found&quot;
    at createTrip (C:\Users\gunja\OneDrive\Coding Projects\wanderplan-ai\tests\integration\setup\helpers.js:81:6)
    at Object.&lt;anonymous&gt; (C:\Users\gunja\OneDrive\Coding Projects\wanderplan-ai\tests\integration\04-budget-flight-integration.test.js:60:19)
    at processTicksAndRejections (node:internal/process/task_queues:103:5)
----
    at Test._assertStatus (C:\Users\gunja\OneDrive\Coding Projects\wanderplan-ai\tests\integration\node_modules\supertest\lib\test.js:252:14)
    at C:\Users\gunja\OneDrive\Coding Projects\wanderplan-ai\tests\integration\node_modules\supertest\lib\test.js:308:13
    at Test._assertFunction (C:\Users\gunja\OneDrive\Coding Projects\wanderplan-ai\tests\integration\node_modules\supertest\lib\test.js:285:13)
    at Test.assert (C:\Users\gunja\OneDrive\Coding Projects\wanderplan-ai\tests\integration\node_modules\supertest\lib\test.js:164:23)
    at localAssert (C:\Users\gunja\OneDrive\Coding Projects\wanderplan-ai\tests\integration\node_modules\supertest\lib\test.js:120:14)
    at C:\Users\gunja\OneDrive\Coding Projects\wanderplan-ai\tests\integration\node_modules\supertest\lib\test.js:125:7
    at Test.fn [as callback] (C:\Users\gunja\OneDrive\Coding Projects\wanderplan-ai\tests\integration\node_modules\superagent\src\node\index.js:925:3)
    at callback (C:\Users\gunja\OneDrive\Coding Projects\wanderplan-ai\tests\integration\node_modules\superagent\src\node\index.js:1166:18)
    at IncomingMessage.fn (C:\Users\gunja\OneDrive\Coding Projects\wanderplan-ai\tests\integration\node_modules\superagent\src\node\parsers\json.js:19:7)
    at IncomingMessage.emit (node:events:520:35)
    at endReadableNT (node:internal/streams/readable:1701:12)
    at processTicksAndRejections (node:internal/process/task_queues:89:21)</failure>
    </testcase>
    <testcase classname="04 — Budget → Flight Integration No flight option has price_usd &gt; flights_allocation ($315)" name="04 — Budget → Flight Integration No flight option has price_usd &gt; flights_allocation ($315)" time="0">
      <failure>Error: expected 201 &quot;Created&quot;, got 404 &quot;Not Found&quot;
    at createTrip (C:\Users\gunja\OneDrive\Coding Projects\wanderplan-ai\tests\integration\setup\helpers.js:81:6)
    at Object.&lt;anonymous&gt; (C:\Users\gunja\OneDrive\Coding Projects\wanderplan-ai\tests\integration\04-budget-flight-integration.test.js:60:19)
    at processTicksAndRejections (node:internal/process/task_queues:103:5)
----
    at Test._assertStatus (C:\Users\gunja\OneDrive\Coding Projects\wanderplan-ai\tests\integration\node_modules\supertest\lib\test.js:252:14)
    at C:\Users\gunja\OneDrive\Coding Projects\wanderplan-ai\tests\integration\node_modules\supertest\lib\test.js:308:13
    at Test._assertFunction (C:\Users\gunja\OneDrive\Coding Projects\wanderplan-ai\tests\integration\node_modules\supertest\lib\test.js:285:13)
    at Test.assert (C:\Users\gunja\OneDrive\Coding Projects\wanderplan-ai\tests\integration\node_modules\supertest\lib\test.js:164:23)
    at localAssert (C:\Users\gunja\OneDrive\Coding Projects\wanderplan-ai\tests\integration\node_modules\supertest\lib\test.js:120:14)
    at C:\Users\gunja\OneDrive\Coding Projects\wanderplan-ai\tests\integration\node_modules\supertest\lib\test.js:125:7
    at Test.fn [as callback] (C:\Users\gunja\OneDrive\Coding Projects\wanderplan-ai\tests\integration\node_modules\superagent\src\node\index.js:925:3)
    at callback (C:\Users\gunja\OneDrive\Coding Projects\wanderplan-ai\tests\integration\node_modules\superagent\src\node\index.js:1166:18)
    at IncomingMessage.fn (C:\Users\gunja\OneDrive\Coding Projects\wanderplan-ai\tests\integration\node_modules\superagent\src\node\parsers\json.js:19:7)
    at IncomingMessage.emit (node:events:520:35)
    at endReadableNT (node:internal/streams/readable:1701:12)
    at processTicksAndRejections (node:internal/process/task_queues:89:21)</failure>
    </testcase>
    <testcase classname="04 — Budget → Flight Integration All flights have price_usd &gt; 0" name="04 — Budget → Flight Integration All flights have price_usd &gt; 0" time="0">
      <failure>Error: expected 201 &quot;Created&quot;, got 404 &quot;Not Found&quot;
    at createTrip (C:\Users\gunja\OneDrive\Coding Projects\wanderplan-ai\tests\integration\setup\helpers.js:81:6)
    at Object.&lt;anonymous&gt; (C:\Users\gunja\OneDrive\Coding Projects\wanderplan-ai\tests\integration\04-budget-flight-integration.test.js:60:19)
    at processTicksAndRejections (node:internal/process/task_queues:103:5)
----
    at Test._assertStatus (C:\Users\gunja\OneDrive\Coding Projects\wanderplan-ai\tests\integration\node_modules\supertest\lib\test.js:252:14)
    at C:\Users\gunja\OneDrive\Coding Projects\wanderplan-ai\tests\integration\node_modules\supertest\lib\test.js:308:13
    at Test._assertFunction (C:\Users\gunja\OneDrive\Coding Projects\wanderplan-ai\tests\integration\node_modules\supertest\lib\test.js:285:13)
    at Test.assert (C:\Users\gunja\OneDrive\Coding Projects\wanderplan-ai\tests\integration\node_modules\supertest\lib\test.js:164:23)
    at localAssert (C:\Users\gunja\OneDrive\Coding Projects\wanderplan-ai\tests\integration\node_modules\supertest\lib\test.js:120:14)
    at C:\Users\gunja\OneDrive\Coding Projects\wanderplan-ai\tests\integration\node_modules\supertest\lib\test.js:125:7
    at Test.fn [as callback] (C:\Users\gunja\OneDrive\Coding Projects\wanderplan-ai\tests\integration\node_modules\superagent\src\node\index.js:925:3)
    at callback (C:\Users\gunja\OneDrive\Coding Projects\wanderplan-ai\tests\integration\node_modules\superagent\src\node\index.js:1166:18)
    at IncomingMessage.fn (C:\Users\gunja\OneDrive\Coding Projects\wanderplan-ai\tests\integration\node_modules\superagent\src\node\parsers\json.js:19:7)
    at IncomingMessage.emit (node:events:520:35)
    at endReadableNT (node:internal/streams/readable:1701:12)
    at processTicksAndRejections (node:internal/process/task_queues:89:21)</failure>
    </testcase>
    <testcase classname="04 — Budget → Flight Integration budget.breakdown.flights equals daily_budget * flights_pct * trip_days" name="04 — Budget → Flight Integration budget.breakdown.flights equals daily_budget * flights_pct * trip_days" time="0">
      <failure>Error: expected 201 &quot;Created&quot;, got 404 &quot;Not Found&quot;
    at createTrip (C:\Users\gunja\OneDrive\Coding Projects\wanderplan-ai\tests\integration\setup\helpers.js:81:6)
    at Object.&lt;anonymous&gt; (C:\Users\gunja\OneDrive\Coding Projects\wanderplan-ai\tests\integration\04-budget-flight-integration.test.js:60:19)
    at processTicksAndRejections (node:internal/process/task_queues:103:5)
----
    at Test._assertStatus (C:\Users\gunja\OneDrive\Coding Projects\wanderplan-ai\tests\integration\node_modules\supertest\lib\test.js:252:14)
    at C:\Users\gunja\OneDrive\Coding Projects\wanderplan-ai\tests\integration\node_modules\supertest\lib\test.js:308:13
    at Test._assertFunction (C:\Users\gunja\OneDrive\Coding Projects\wanderplan-ai\tests\integration\node_modules\supertest\lib\test.js:285:13)
    at Test.assert (C:\Users\gunja\OneDrive\Coding Projects\wanderplan-ai\tests\integration\node_modules\supertest\lib\test.js:164:23)
    at localAssert (C:\Users\gunja\OneDrive\Coding Projects\wanderplan-ai\tests\integration\node_modules\supertest\lib\test.js:120:14)
    at C:\Users\gunja\OneDrive\Coding Projects\wanderplan-ai\tests\integration\node_modules\supertest\lib\test.js:125:7
    at Test.fn [as callback] (C:\Users\gunja\OneDrive\Coding Projects\wanderplan-ai\tests\integration\node_modules\superagent\src\node\index.js:925:3)
    at callback (C:\Users\gunja\OneDrive\Coding Projects\wanderplan-ai\tests\integration\node_modules\superagent\src\node\index.js:1166:18)
    at IncomingMessage.fn (C:\Users\gunja\OneDrive\Coding Projects\wanderplan-ai\tests\integration\node_modules\superagent\src\node\parsers\json.js:19:7)
    at IncomingMessage.emit (node:events:520:35)
    at endReadableNT (node:internal/streams/readable:1701:12)
    at processTicksAndRejections (node:internal/process/task_queues:89:21)</failure>
    </testcase>
    <testcase classname="04 — Budget → Flight Integration Flight results reference the trip origin (LAX) and destination (NRT)" name="04 — Budget → Flight Integration Flight results reference the trip origin (LAX) and destination (NRT)" time="0">
      <failure>Error: expected 201 &quot;Created&quot;, got 404 &quot;Not Found&quot;
    at createTrip (C:\Users\gunja\OneDrive\Coding Projects\wanderplan-ai\tests\integration\setup\helpers.js:81:6)
    at Object.&lt;anonymous&gt; (C:\Users\gunja\OneDrive\Coding Projects\wanderplan-ai\tests\integration\04-budget-flight-integration.test.js:60:19)
    at processTicksAndRejections (node:internal/process/task_queues:103:5)
----
    at Test._assertStatus (C:\Users\gunja\OneDrive\Coding Projects\wanderplan-ai\tests\integration\node_modules\supertest\lib\test.js:252:14)
    at C:\Users\gunja\OneDrive\Coding Projects\wanderplan-ai\tests\integration\node_modules\supertest\lib\test.js:308:13
    at Test._assertFunction (C:\Users\gunja\OneDrive\Coding Projects\wanderplan-ai\tests\integration\node_modules\supertest\lib\test.js:285:13)
    at Test.assert (C:\Users\gunja\OneDrive\Coding Projects\wanderplan-ai\tests\integration\node_modules\supertest\lib\test.js:164:23)
    at localAssert (C:\Users\gunja\OneDrive\Coding Projects\wanderplan-ai\tests\integration\node_modules\supertest\lib\test.js:120:14)
    at C:\Users\gunja\OneDrive\Coding Projects\wanderplan-ai\tests\integration\node_modules\supertest\lib\test.js:125:7
    at Test.fn [as callback] (C:\Users\gunja\OneDrive\Coding Projects\wanderplan-ai\tests\integration\node_modules\superagent\src\node\index.js:925:3)
    at callback (C:\Users\gunja\OneDrive\Coding Projects\wanderplan-ai\tests\integration\node_modules\superagent\src\node\index.js:1166:18)
    at IncomingMessage.fn (C:\Users\gunja\OneDrive\Coding Projects\wanderplan-ai\tests\integration\node_modules\superagent\src\node\parsers\json.js:19:7)
    at IncomingMessage.emit (node:events:520:35)
    at endReadableNT (node:internal/streams/readable:1701:12)
    at processTicksAndRejections (node:internal/process/task_queues:89:21)</failure>
    </testcase>
    <testcase classname="04 — Budget → Flight Integration All flights have valid departure and arrival timestamps" name="04 — Budget → Flight Integration All flights have valid departure and arrival timestamps" time="0">
      <failure>Error: expected 201 &quot;Created&quot;, got 404 &quot;Not Found&quot;
    at createTrip (C:\Users\gunja\OneDrive\Coding Projects\wanderplan-ai\tests\integration\setup\helpers.js:81:6)
    at Object.&lt;anonymous&gt; (C:\Users\gunja\OneDrive\Coding Projects\wanderplan-ai\tests\integration\04-budget-flight-integration.test.js:60:19)
    at processTicksAndRejections (node:internal/process/task_queues:103:5)
----
    at Test._assertStatus (C:\Users\gunja\OneDrive\Coding Projects\wanderplan-ai\tests\integration\node_modules\supertest\lib\test.js:252:14)
    at C:\Users\gunja\OneDrive\Coding Projects\wanderplan-ai\tests\integration\node_modules\supertest\lib\test.js:308:13
    at Test._assertFunction (C:\Users\gunja\OneDrive\Coding Projects\wanderplan-ai\tests\integration\node_modules\supertest\lib\test.js:285:13)
    at Test.assert (C:\Users\gunja\OneDrive\Coding Projects\wanderplan-ai\tests\integration\node_modules\supertest\lib\test.js:164:23)
    at localAssert (C:\Users\gunja\OneDrive\Coding Projects\wanderplan-ai\tests\integration\node_modules\supertest\lib\test.js:120:14)
    at C:\Users\gunja\OneDrive\Coding Projects\wanderplan-ai\tests\integration\node_modules\supertest\lib\test.js:125:7
    at Test.fn [as callback] (C:\Users\gunja\OneDrive\Coding Projects\wanderplan-ai\tests\integration\node_modules\superagent\src\node\index.js:925:3)
    at callback (C:\Users\gunja\OneDrive\Coding Projects\wanderplan-ai\tests\integration\node_modules\superagent\src\node\index.js:1166:18)
    at IncomingMessage.fn (C:\Users\gunja\OneDrive\Coding Projects\wanderplan-ai\tests\integration\node_modules\superagent\src\node\parsers\json.js:19:7)
    at IncomingMessage.emit (node:events:520:35)
    at endReadableNT (node:internal/streams/readable:1701:12)
    at processTicksAndRejections (node:internal/process/task_queues:89:21)</failure>
    </testcase>
    <testcase classname="04 — Budget → Flight Integration POST /trips/:id/flights/select → 200 and budget.spent increases" name="04 — Budget → Flight Integration POST /trips/:id/flights/select → 200 and budget.spent increases" time="0">
      <failure>Error: expected 201 &quot;Created&quot;, got 404 &quot;Not Found&quot;
    at createTrip (C:\Users\gunja\OneDrive\Coding Projects\wanderplan-ai\tests\integration\setup\helpers.js:81:6)
    at Object.&lt;anonymous&gt; (C:\Users\gunja\OneDrive\Coding Projects\wanderplan-ai\tests\integration\04-budget-flight-integration.test.js:60:19)
    at processTicksAndRejections (node:internal/process/task_queues:103:5)
----
    at Test._assertStatus (C:\Users\gunja\OneDrive\Coding Projects\wanderplan-ai\tests\integration\node_modules\supertest\lib\test.js:252:14)
    at C:\Users\gunja\OneDrive\Coding Projects\wanderplan-ai\tests\integration\node_modules\supertest\lib\test.js:308:13
    at Test._assertFunction (C:\Users\gunja\OneDrive\Coding Projects\wanderplan-ai\tests\integration\node_modules\supertest\lib\test.js:285:13)
    at Test.assert (C:\Users\gunja\OneDrive\Coding Projects\wanderplan-ai\tests\integration\node_modules\supertest\lib\test.js:164:23)
    at localAssert (C:\Users\gunja\OneDrive\Coding Projects\wanderplan-ai\tests\integration\node_modules\supertest\lib\test.js:120:14)
    at C:\Users\gunja\OneDrive\Coding Projects\wanderplan-ai\tests\integration\node_modules\supertest\lib\test.js:125:7
    at Test.fn [as callback] (C:\Users\gunja\OneDrive\Coding Projects\wanderplan-ai\tests\integration\node_modules\superagent\src\node\index.js:925:3)
    at callback (C:\Users\gunja\OneDrive\Coding Projects\wanderplan-ai\tests\integration\node_modules\superagent\src\node\index.js:1166:18)
    at IncomingMessage.fn (C:\Users\gunja\OneDrive\Coding Projects\wanderplan-ai\tests\integration\node_modules\superagent\src\node\parsers\json.js:19:7)
    at IncomingMessage.emit (node:events:520:35)
    at endReadableNT (node:internal/streams/readable:1701:12)
    at processTicksAndRejections (node:internal/process/task_queues:89:21)</failure>
    </testcase>
    <testcase classname="04 — Budget → Flight Integration Selected flight is marked selected=true in flight_options table" name="04 — Budget → Flight Integration Selected flight is marked selected=true in flight_options table" time="0">
      <failure>Error: expected 201 &quot;Created&quot;, got 404 &quot;Not Found&quot;
    at createTrip (C:\Users\gunja\OneDrive\Coding Projects\wanderplan-ai\tests\integration\setup\helpers.js:81:6)
    at Object.&lt;anonymous&gt; (C:\Users\gunja\OneDrive\Coding Projects\wanderplan-ai\tests\integration\04-budget-flight-integration.test.js:60:19)
    at processTicksAndRejections (node:internal/process/task_queues:103:5)
----
    at Test._assertStatus (C:\Users\gunja\OneDrive\Coding Projects\wanderplan-ai\tests\integration\node_modules\supertest\lib\test.js:252:14)
    at C:\Users\gunja\OneDrive\Coding Projects\wanderplan-ai\tests\integration\node_modules\supertest\lib\test.js:308:13
    at Test._assertFunction (C:\Users\gunja\OneDrive\Coding Projects\wanderplan-ai\tests\integration\node_modules\supertest\lib\test.js:285:13)
    at Test.assert (C:\Users\gunja\OneDrive\Coding Projects\wanderplan-ai\tests\integration\node_modules\supertest\lib\test.js:164:23)
    at localAssert (C:\Users\gunja\OneDrive\Coding Projects\wanderplan-ai\tests\integration\node_modules\supertest\lib\test.js:120:14)
    at C:\Users\gunja\OneDrive\Coding Projects\wanderplan-ai\tests\integration\node_modules\supertest\lib\test.js:125:7
    at Test.fn [as callback] (C:\Users\gunja\OneDrive\Coding Projects\wanderplan-ai\tests\integration\node_modules\superagent\src\node\index.js:925:3)
    at callback (C:\Users\gunja\OneDrive\Coding Projects\wanderplan-ai\tests\integration\node_modules\superagent\src\node\index.js:1166:18)
    at IncomingMessage.fn (C:\Users\gunja\OneDrive\Coding Projects\wanderplan-ai\tests\integration\node_modules\superagent\src\node\parsers\json.js:19:7)
    at IncomingMessage.emit (node:events:520:35)
    at endReadableNT (node:internal/streams/readable:1701:12)
    at processTicksAndRejections (node:internal/process/task_queues:89:21)</failure>
    </testcase>
    <testcase classname="04 — Budget → Flight Integration Selecting a flight priced above flights_allocation returns 422" name="04 — Budget → Flight Integration Selecting a flight priced above flights_allocation returns 422" time="0">
      <failure>Error: expected 201 &quot;Created&quot;, got 404 &quot;Not Found&quot;
    at createTrip (C:\Users\gunja\OneDrive\Coding Projects\wanderplan-ai\tests\integration\setup\helpers.js:81:6)
    at Object.&lt;anonymous&gt; (C:\Users\gunja\OneDrive\Coding Projects\wanderplan-ai\tests\integration\04-budget-flight-integration.test.js:60:19)
    at processTicksAndRejections (node:internal/process/task_queues:103:5)
----
    at Test._assertStatus (C:\Users\gunja\OneDrive\Coding Projects\wanderplan-ai\tests\integration\node_modules\supertest\lib\test.js:252:14)
    at C:\Users\gunja\OneDrive\Coding Projects\wanderplan-ai\tests\integration\node_modules\supertest\lib\test.js:308:13
    at Test._assertFunction (C:\Users\gunja\OneDrive\Coding Projects\wanderplan-ai\tests\integration\node_modules\supertest\lib\test.js:285:13)
    at Test.assert (C:\Users\gunja\OneDrive\Coding Projects\wanderplan-ai\tests\integration\node_modules\supertest\lib\test.js:164:23)
    at localAssert (C:\Users\gunja\OneDrive\Coding Projects\wanderplan-ai\tests\integration\node_modules\supertest\lib\test.js:120:14)
    at C:\Users\gunja\OneDrive\Coding Projects\wanderplan-ai\tests\integration\node_modules\supertest\lib\test.js:125:7
    at Test.fn [as callback] (C:\Users\gunja\OneDrive\Coding Projects\wanderplan-ai\tests\integration\node_modules\superagent\src\node\index.js:925:3)
    at callback (C:\Users\gunja\OneDrive\Coding Projects\wanderplan-ai\tests\integration\node_modules\superagent\src\node\index.js:1166:18)
    at IncomingMessage.fn (C:\Users\gunja\OneDrive\Coding Projects\wanderplan-ai\tests\integration\node_modules\superagent\src\node\parsers\json.js:19:7)
    at IncomingMessage.emit (node:events:520:35)
    at endReadableNT (node:internal/streams/readable:1701:12)
    at processTicksAndRejections (node:internal/process/task_queues:89:21)</failure>
    </testcase>
    <testcase classname="04 — Budget → Flight Integration Flight search without auth token returns 401" name="04 — Budget → Flight Integration Flight search without auth token returns 401" time="0">
      <failure>Error: expected 201 &quot;Created&quot;, got 404 &quot;Not Found&quot;
    at createTrip (C:\Users\gunja\OneDrive\Coding Projects\wanderplan-ai\tests\integration\setup\helpers.js:81:6)
    at Object.&lt;anonymous&gt; (C:\Users\gunja\OneDrive\Coding Projects\wanderplan-ai\tests\integration\04-budget-flight-integration.test.js:60:19)
    at processTicksAndRejections (node:internal/process/task_queues:103:5)
----
    at Test._assertStatus (C:\Users\gunja\OneDrive\Coding Projects\wanderplan-ai\tests\integration\node_modules\supertest\lib\test.js:252:14)
    at C:\Users\gunja\OneDrive\Coding Projects\wanderplan-ai\tests\integration\node_modules\supertest\lib\test.js:308:13
    at Test._assertFunction (C:\Users\gunja\OneDrive\Coding Projects\wanderplan-ai\tests\integration\node_modules\supertest\lib\test.js:285:13)
    at Test.assert (C:\Users\gunja\OneDrive\Coding Projects\wanderplan-ai\tests\integration\node_modules\supertest\lib\test.js:164:23)
    at localAssert (C:\Users\gunja\OneDrive\Coding Projects\wanderplan-ai\tests\integration\node_modules\supertest\lib\test.js:120:14)
    at C:\Users\gunja\OneDrive\Coding Projects\wanderplan-ai\tests\integration\node_modules\supertest\lib\test.js:125:7
    at Test.fn [as callback] (C:\Users\gunja\OneDrive\Coding Projects\wanderplan-ai\tests\integration\node_modules\superagent\src\node\index.js:925:3)
    at callback (C:\Users\gunja\OneDrive\Coding Projects\wanderplan-ai\tests\integration\node_modules\superagent\src\node\index.js:1166:18)
    at IncomingMessage.fn (C:\Users\gunja\OneDrive\Coding Projects\wanderplan-ai\tests\integration\node_modules\superagent\src\node\parsers\json.js:19:7)
    at IncomingMessage.emit (node:events:520:35)
    at endReadableNT (node:internal/streams/readable:1701:12)
    at processTicksAndRejections (node:internal/process/task_queues:89:21)</failure>
    </testcase>
  </testsuite>
  <testsuite name="02 — Bucket List → Timing Analysis Pipeline" errors="0" failures="14" skipped="0" timestamp="2026-02-26T16:14:03" time="0.95" tests="14">
    <testcase classname="02 — Bucket List → Timing Analysis Pipeline POST /trips/:id/bucket-list → 201 adds Tokyo" name="02 — Bucket List → Timing Analysis Pipeline POST /trips/:id/bucket-list → 201 adds Tokyo" time="0.007">
      <failure>Error: expected 201 &quot;Created&quot;, got 404 &quot;Not Found&quot;
    at createTrip (C:\Users\gunja\OneDrive\Coding Projects\wanderplan-ai\tests\integration\setup\helpers.js:81:6)
    at Object.&lt;anonymous&gt; (C:\Users\gunja\OneDrive\Coding Projects\wanderplan-ai\tests\integration\02-bucket-list-timing-pipeline.test.js:53:19)
    at processTicksAndRejections (node:internal/process/task_queues:103:5)
----
    at Test._assertStatus (C:\Users\gunja\OneDrive\Coding Projects\wanderplan-ai\tests\integration\node_modules\supertest\lib\test.js:252:14)
    at C:\Users\gunja\OneDrive\Coding Projects\wanderplan-ai\tests\integration\node_modules\supertest\lib\test.js:308:13
    at Test._assertFunction (C:\Users\gunja\OneDrive\Coding Projects\wanderplan-ai\tests\integration\node_modules\supertest\lib\test.js:285:13)
    at Test.assert (C:\Users\gunja\OneDrive\Coding Projects\wanderplan-ai\tests\integration\node_modules\supertest\lib\test.js:164:23)
    at localAssert (C:\Users\gunja\OneDrive\Coding Projects\wanderplan-ai\tests\integration\node_modules\supertest\lib\test.js:120:14)
    at C:\Users\gunja\OneDrive\Coding Projects\wanderplan-ai\tests\integration\node_modules\supertest\lib\test.js:125:7
    at Test.fn [as callback] (C:\Users\gunja\OneDrive\Coding Projects\wanderplan-ai\tests\integration\node_modules\superagent\src\node\index.js:925:3)
    at callback (C:\Users\gunja\OneDrive\Coding Projects\wanderplan-ai\tests\integration\node_modules\superagent\src\node\index.js:1166:18)
    at IncomingMessage.fn (C:\Users\gunja\OneDrive\Coding Projects\wanderplan-ai\tests\integration\node_modules\superagent\src\node\parsers\json.js:19:7)
    at IncomingMessage.emit (node:events:520:35)
    at endReadableNT (node:internal/streams/readable:1701:12)
    at processTicksAndRejections (node:internal/process/task_queues:89:21)</failure>
    </testcase>
    <testcase classname="02 — Bucket List → Timing Analysis Pipeline POST /trips/:id/bucket-list → 201 adds Kyoto" name="02 — Bucket List → Timing Analysis Pipeline POST /trips/:id/bucket-list → 201 adds Kyoto" time="0.001">
      <failure>Error: expected 201 &quot;Created&quot;, got 404 &quot;Not Found&quot;
    at createTrip (C:\Users\gunja\OneDrive\Coding Projects\wanderplan-ai\tests\integration\setup\helpers.js:81:6)
    at Object.&lt;anonymous&gt; (C:\Users\gunja\OneDrive\Coding Projects\wanderplan-ai\tests\integration\02-bucket-list-timing-pipeline.test.js:53:19)
    at processTicksAndRejections (node:internal/process/task_queues:103:5)
----
    at Test._assertStatus (C:\Users\gunja\OneDrive\Coding Projects\wanderplan-ai\tests\integration\node_modules\supertest\lib\test.js:252:14)
    at C:\Users\gunja\OneDrive\Coding Projects\wanderplan-ai\tests\integration\node_modules\supertest\lib\test.js:308:13
    at Test._assertFunction (C:\Users\gunja\OneDrive\Coding Projects\wanderplan-ai\tests\integration\node_modules\supertest\lib\test.js:285:13)
    at Test.assert (C:\Users\gunja\OneDrive\Coding Projects\wanderplan-ai\tests\integration\node_modules\supertest\lib\test.js:164:23)
    at localAssert (C:\Users\gunja\OneDrive\Coding Projects\wanderplan-ai\tests\integration\node_modules\supertest\lib\test.js:120:14)
    at C:\Users\gunja\OneDrive\Coding Projects\wanderplan-ai\tests\integration\node_modules\supertest\lib\test.js:125:7
    at Test.fn [as callback] (C:\Users\gunja\OneDrive\Coding Projects\wanderplan-ai\tests\integration\node_modules\superagent\src\node\index.js:925:3)
    at callback (C:\Users\gunja\OneDrive\Coding Projects\wanderplan-ai\tests\integration\node_modules\superagent\src\node\index.js:1166:18)
    at IncomingMessage.fn (C:\Users\gunja\OneDrive\Coding Projects\wanderplan-ai\tests\integration\node_modules\superagent\src\node\parsers\json.js:19:7)
    at IncomingMessage.emit (node:events:520:35)
    at endReadableNT (node:internal/streams/readable:1701:12)
    at processTicksAndRejections (node:internal/process/task_queues:89:21)</failure>
    </testcase>
    <testcase classname="02 — Bucket List → Timing Analysis Pipeline POST /trips/:id/bucket-list → 201 adds Hakone" name="02 — Bucket List → Timing Analysis Pipeline POST /trips/:id/bucket-list → 201 adds Hakone" time="0">
      <failure>Error: expected 201 &quot;Created&quot;, got 404 &quot;Not Found&quot;
    at createTrip (C:\Users\gunja\OneDrive\Coding Projects\wanderplan-ai\tests\integration\setup\helpers.js:81:6)
    at Object.&lt;anonymous&gt; (C:\Users\gunja\OneDrive\Coding Projects\wanderplan-ai\tests\integration\02-bucket-list-timing-pipeline.test.js:53:19)
    at processTicksAndRejections (node:internal/process/task_queues:103:5)
----
    at Test._assertStatus (C:\Users\gunja\OneDrive\Coding Projects\wanderplan-ai\tests\integration\node_modules\supertest\lib\test.js:252:14)
    at C:\Users\gunja\OneDrive\Coding Projects\wanderplan-ai\tests\integration\node_modules\supertest\lib\test.js:308:13
    at Test._assertFunction (C:\Users\gunja\OneDrive\Coding Projects\wanderplan-ai\tests\integration\node_modules\supertest\lib\test.js:285:13)
    at Test.assert (C:\Users\gunja\OneDrive\Coding Projects\wanderplan-ai\tests\integration\node_modules\supertest\lib\test.js:164:23)
    at localAssert (C:\Users\gunja\OneDrive\Coding Projects\wanderplan-ai\tests\integration\node_modules\supertest\lib\test.js:120:14)
    at C:\Users\gunja\OneDrive\Coding Projects\wanderplan-ai\tests\integration\node_modules\supertest\lib\test.js:125:7
    at Test.fn [as callback] (C:\Users\gunja\OneDrive\Coding Projects\wanderplan-ai\tests\integration\node_modules\superagent\src\node\index.js:925:3)
    at callback (C:\Users\gunja\OneDrive\Coding Projects\wanderplan-ai\tests\integration\node_modules\superagent\src\node\index.js:1166:18)
    at IncomingMessage.fn (C:\Users\gunja\OneDrive\Coding Projects\wanderplan-ai\tests\integration\node_modules\superagent\src\node\parsers\json.js:19:7)
    at IncomingMessage.emit (node:events:520:35)
    at endReadableNT (node:internal/streams/readable:1701:12)
    at processTicksAndRejections (node:internal/process/task_queues:89:21)</failure>
    </testcase>
    <testcase classname="02 — Bucket List → Timing Analysis Pipeline Bucket list contains exactly 3 items" name="02 — Bucket List → Timing Analysis Pipeline Bucket list contains exactly 3 items" time="0">
      <failure>Error: expected 201 &quot;Created&quot;, got 404 &quot;Not Found&quot;
    at createTrip (C:\Users\gunja\OneDrive\Coding Projects\wanderplan-ai\tests\integration\setup\helpers.js:81:6)
    at Object.&lt;anonymous&gt; (C:\Users\gunja\OneDrive\Coding Projects\wanderplan-ai\tests\integration\02-bucket-list-timing-pipeline.test.js:53:19)
    at processTicksAndRejections (node:internal/process/task_queues:103:5)
----
    at Test._assertStatus (C:\Users\gunja\OneDrive\Coding Projects\wanderplan-ai\tests\integration\node_modules\supertest\lib\test.js:252:14)
    at C:\Users\gunja\OneDrive\Coding Projects\wanderplan-ai\tests\integration\node_modules\supertest\lib\test.js:308:13
    at Test._assertFunction (C:\Users\gunja\OneDrive\Coding Projects\wanderplan-ai\tests\integration\node_modules\supertest\lib\test.js:285:13)
    at Test.assert (C:\Users\gunja\OneDrive\Coding Projects\wanderplan-ai\tests\integration\node_modules\supertest\lib\test.js:164:23)
    at localAssert (C:\Users\gunja\OneDrive\Coding Projects\wanderplan-ai\tests\integration\node_modules\supertest\lib\test.js:120:14)
    at C:\Users\gunja\OneDrive\Coding Projects\wanderplan-ai\tests\integration\node_modules\supertest\lib\test.js:125:7
    at Test.fn [as callback] (C:\Users\gunja\OneDrive\Coding Projects\wanderplan-ai\tests\integration\node_modules\superagent\src\node\index.js:925:3)
    at callback (C:\Users\gunja\OneDrive\Coding Projects\wanderplan-ai\tests\integration\node_modules\superagent\src\node\index.js:1166:18)
    at IncomingMessage.fn (C:\Users\gunja\OneDrive\Coding Projects\wanderplan-ai\tests\integration\node_modules\superagent\src\node\parsers\json.js:19:7)
    at IncomingMessage.emit (node:events:520:35)
    at endReadableNT (node:internal/streams/readable:1701:12)
    at processTicksAndRejections (node:internal/process/task_queues:89:21)</failure>
    </testcase>
    <testcase classname="02 — Bucket List → Timing Analysis Pipeline GET /trips/:id/timing-analysis → 200 with timing results" name="02 — Bucket List → Timing Analysis Pipeline GET /trips/:id/timing-analysis → 200 with timing results" time="0">
      <failure>Error: expected 201 &quot;Created&quot;, got 404 &quot;Not Found&quot;
    at createTrip (C:\Users\gunja\OneDrive\Coding Projects\wanderplan-ai\tests\integration\setup\helpers.js:81:6)
    at Object.&lt;anonymous&gt; (C:\Users\gunja\OneDrive\Coding Projects\wanderplan-ai\tests\integration\02-bucket-list-timing-pipeline.test.js:53:19)
    at processTicksAndRejections (node:internal/process/task_queues:103:5)
----
    at Test._assertStatus (C:\Users\gunja\OneDrive\Coding Projects\wanderplan-ai\tests\integration\node_modules\supertest\lib\test.js:252:14)
    at C:\Users\gunja\OneDrive\Coding Projects\wanderplan-ai\tests\integration\node_modules\supertest\lib\test.js:308:13
    at Test._assertFunction (C:\Users\gunja\OneDrive\Coding Projects\wanderplan-ai\tests\integration\node_modules\supertest\lib\test.js:285:13)
    at Test.assert (C:\Users\gunja\OneDrive\Coding Projects\wanderplan-ai\tests\integration\node_modules\supertest\lib\test.js:164:23)
    at localAssert (C:\Users\gunja\OneDrive\Coding Projects\wanderplan-ai\tests\integration\node_modules\supertest\lib\test.js:120:14)
    at C:\Users\gunja\OneDrive\Coding Projects\wanderplan-ai\tests\integration\node_modules\supertest\lib\test.js:125:7
    at Test.fn [as callback] (C:\Users\gunja\OneDrive\Coding Projects\wanderplan-ai\tests\integration\node_modules\superagent\src\node\index.js:925:3)
    at callback (C:\Users\gunja\OneDrive\Coding Projects\wanderplan-ai\tests\integration\node_modules\superagent\src\node\index.js:1166:18)
    at IncomingMessage.fn (C:\Users\gunja\OneDrive\Coding Projects\wanderplan-ai\tests\integration\node_modules\superagent\src\node\parsers\json.js:19:7)
    at IncomingMessage.emit (node:events:520:35)
    at endReadableNT (node:internal/streams/readable:1701:12)
    at processTicksAndRejections (node:internal/process/task_queues:89:21)</failure>
    </testcase>
    <testcase classname="02 — Bucket List → Timing Analysis Pipeline Each destination in bucket list appears in timing results" name="02 — Bucket List → Timing Analysis Pipeline Each destination in bucket list appears in timing results" time="0">
      <failure>Error: expected 201 &quot;Created&quot;, got 404 &quot;Not Found&quot;
    at createTrip (C:\Users\gunja\OneDrive\Coding Projects\wanderplan-ai\tests\integration\setup\helpers.js:81:6)
    at Object.&lt;anonymous&gt; (C:\Users\gunja\OneDrive\Coding Projects\wanderplan-ai\tests\integration\02-bucket-list-timing-pipeline.test.js:53:19)
    at processTicksAndRejections (node:internal/process/task_queues:103:5)
----
    at Test._assertStatus (C:\Users\gunja\OneDrive\Coding Projects\wanderplan-ai\tests\integration\node_modules\supertest\lib\test.js:252:14)
    at C:\Users\gunja\OneDrive\Coding Projects\wanderplan-ai\tests\integration\node_modules\supertest\lib\test.js:308:13
    at Test._assertFunction (C:\Users\gunja\OneDrive\Coding Projects\wanderplan-ai\tests\integration\node_modules\supertest\lib\test.js:285:13)
    at Test.assert (C:\Users\gunja\OneDrive\Coding Projects\wanderplan-ai\tests\integration\node_modules\supertest\lib\test.js:164:23)
    at localAssert (C:\Users\gunja\OneDrive\Coding Projects\wanderplan-ai\tests\integration\node_modules\supertest\lib\test.js:120:14)
    at C:\Users\gunja\OneDrive\Coding Projects\wanderplan-ai\tests\integration\node_modules\supertest\lib\test.js:125:7
    at Test.fn [as callback] (C:\Users\gunja\OneDrive\Coding Projects\wanderplan-ai\tests\integration\node_modules\superagent\src\node\index.js:925:3)
    at callback (C:\Users\gunja\OneDrive\Coding Projects\wanderplan-ai\tests\integration\node_modules\superagent\src\node\index.js:1166:18)
    at IncomingMessage.fn (C:\Users\gunja\OneDrive\Coding Projects\wanderplan-ai\tests\integration\node_modules\superagent\src\node\parsers\json.js:19:7)
    at IncomingMessage.emit (node:events:520:35)
    at endReadableNT (node:internal/streams/readable:1701:12)
    at processTicksAndRejections (node:internal/process/task_queues:89:21)</failure>
    </testcase>
    <testcase classname="02 — Bucket List → Timing Analysis Pipeline Every timing result has a valid month_scores map (scores 0–10)" name="02 — Bucket List → Timing Analysis Pipeline Every timing result has a valid month_scores map (scores 0–10)" time="0">
      <failure>Error: expected 201 &quot;Created&quot;, got 404 &quot;Not Found&quot;
    at createTrip (C:\Users\gunja\OneDrive\Coding Projects\wanderplan-ai\tests\integration\setup\helpers.js:81:6)
    at Object.&lt;anonymous&gt; (C:\Users\gunja\OneDrive\Coding Projects\wanderplan-ai\tests\integration\02-bucket-list-timing-pipeline.test.js:53:19)
    at processTicksAndRejections (node:internal/process/task_queues:103:5)
----
    at Test._assertStatus (C:\Users\gunja\OneDrive\Coding Projects\wanderplan-ai\tests\integration\node_modules\supertest\lib\test.js:252:14)
    at C:\Users\gunja\OneDrive\Coding Projects\wanderplan-ai\tests\integration\node_modules\supertest\lib\test.js:308:13
    at Test._assertFunction (C:\Users\gunja\OneDrive\Coding Projects\wanderplan-ai\tests\integration\node_modules\supertest\lib\test.js:285:13)
    at Test.assert (C:\Users\gunja\OneDrive\Coding Projects\wanderplan-ai\tests\integration\node_modules\supertest\lib\test.js:164:23)
    at localAssert (C:\Users\gunja\OneDrive\Coding Projects\wanderplan-ai\tests\integration\node_modules\supertest\lib\test.js:120:14)
    at C:\Users\gunja\OneDrive\Coding Projects\wanderplan-ai\tests\integration\node_modules\supertest\lib\test.js:125:7
    at Test.fn [as callback] (C:\Users\gunja\OneDrive\Coding Projects\wanderplan-ai\tests\integration\node_modules\superagent\src\node\index.js:925:3)
    at callback (C:\Users\gunja\OneDrive\Coding Projects\wanderplan-ai\tests\integration\node_modules\superagent\src\node\index.js:1166:18)
    at IncomingMessage.fn (C:\Users\gunja\OneDrive\Coding Projects\wanderplan-ai\tests\integration\node_modules\superagent\src\node\parsers\json.js:19:7)
    at IncomingMessage.emit (node:events:520:35)
    at endReadableNT (node:internal/streams/readable:1701:12)
    at processTicksAndRejections (node:internal/process/task_queues:89:21)</failure>
    </testcase>
    <testcase classname="02 — Bucket List → Timing Analysis Pipeline Each month_scores map contains at least 3 months" name="02 — Bucket List → Timing Analysis Pipeline Each month_scores map contains at least 3 months" time="0">
      <failure>Error: expected 201 &quot;Created&quot;, got 404 &quot;Not Found&quot;
    at createTrip (C:\Users\gunja\OneDrive\Coding Projects\wanderplan-ai\tests\integration\setup\helpers.js:81:6)
    at Object.&lt;anonymous&gt; (C:\Users\gunja\OneDrive\Coding Projects\wanderplan-ai\tests\integration\02-bucket-list-timing-pipeline.test.js:53:19)
    at processTicksAndRejections (node:internal/process/task_queues:103:5)
----
    at Test._assertStatus (C:\Users\gunja\OneDrive\Coding Projects\wanderplan-ai\tests\integration\node_modules\supertest\lib\test.js:252:14)
    at C:\Users\gunja\OneDrive\Coding Projects\wanderplan-ai\tests\integration\node_modules\supertest\lib\test.js:308:13
    at Test._assertFunction (C:\Users\gunja\OneDrive\Coding Projects\wanderplan-ai\tests\integration\node_modules\supertest\lib\test.js:285:13)
    at Test.assert (C:\Users\gunja\OneDrive\Coding Projects\wanderplan-ai\tests\integration\node_modules\supertest\lib\test.js:164:23)
    at localAssert (C:\Users\gunja\OneDrive\Coding Projects\wanderplan-ai\tests\integration\node_modules\supertest\lib\test.js:120:14)
    at C:\Users\gunja\OneDrive\Coding Projects\wanderplan-ai\tests\integration\node_modules\supertest\lib\test.js:125:7
    at Test.fn [as callback] (C:\Users\gunja\OneDrive\Coding Projects\wanderplan-ai\tests\integration\node_modules\superagent\src\node\index.js:925:3)
    at callback (C:\Users\gunja\OneDrive\Coding Projects\wanderplan-ai\tests\integration\node_modules\superagent\src\node\index.js:1166:18)
    at IncomingMessage.fn (C:\Users\gunja\OneDrive\Coding Projects\wanderplan-ai\tests\integration\node_modules\superagent\src\node\parsers\json.js:19:7)
    at IncomingMessage.emit (node:events:520:35)
    at endReadableNT (node:internal/streams/readable:1701:12)
    at processTicksAndRejections (node:internal/process/task_queues:89:21)</failure>
    </testcase>
    <testcase classname="02 — Bucket List → Timing Analysis Pipeline Every timing result has at least 1 preferred_month" name="02 — Bucket List → Timing Analysis Pipeline Every timing result has at least 1 preferred_month" time="0">
      <failure>Error: expected 201 &quot;Created&quot;, got 404 &quot;Not Found&quot;
    at createTrip (C:\Users\gunja\OneDrive\Coding Projects\wanderplan-ai\tests\integration\setup\helpers.js:81:6)
    at Object.&lt;anonymous&gt; (C:\Users\gunja\OneDrive\Coding Projects\wanderplan-ai\tests\integration\02-bucket-list-timing-pipeline.test.js:53:19)
    at processTicksAndRejections (node:internal/process/task_queues:103:5)
----
    at Test._assertStatus (C:\Users\gunja\OneDrive\Coding Projects\wanderplan-ai\tests\integration\node_modules\supertest\lib\test.js:252:14)
    at C:\Users\gunja\OneDrive\Coding Projects\wanderplan-ai\tests\integration\node_modules\supertest\lib\test.js:308:13
    at Test._assertFunction (C:\Users\gunja\OneDrive\Coding Projects\wanderplan-ai\tests\integration\node_modules\supertest\lib\test.js:285:13)
    at Test.assert (C:\Users\gunja\OneDrive\Coding Projects\wanderplan-ai\tests\integration\node_modules\supertest\lib\test.js:164:23)
    at localAssert (C:\Users\gunja\OneDrive\Coding Projects\wanderplan-ai\tests\integration\node_modules\supertest\lib\test.js:120:14)
    at C:\Users\gunja\OneDrive\Coding Projects\wanderplan-ai\tests\integration\node_modules\supertest\lib\test.js:125:7
    at Test.fn [as callback] (C:\Users\gunja\OneDrive\Coding Projects\wanderplan-ai\tests\integration\node_modules\superagent\src\node\index.js:925:3)
    at callback (C:\Users\gunja\OneDrive\Coding Projects\wanderplan-ai\tests\integration\node_modules\superagent\src\node\index.js:1166:18)
    at IncomingMessage.fn (C:\Users\gunja\OneDrive\Coding Projects\wanderplan-ai\tests\integration\node_modules\superagent\src\node\parsers\json.js:19:7)
    at IncomingMessage.emit (node:events:520:35)
    at endReadableNT (node:internal/streams/readable:1701:12)
    at processTicksAndRejections (node:internal/process/task_queues:89:21)</failure>
    </testcase>
    <testcase classname="02 — Bucket List → Timing Analysis Pipeline preferred_months and avoid_months do not overlap" name="02 — Bucket List → Timing Analysis Pipeline preferred_months and avoid_months do not overlap" time="0">
      <failure>Error: expected 201 &quot;Created&quot;, got 404 &quot;Not Found&quot;
    at createTrip (C:\Users\gunja\OneDrive\Coding Projects\wanderplan-ai\tests\integration\setup\helpers.js:81:6)
    at Object.&lt;anonymous&gt; (C:\Users\gunja\OneDrive\Coding Projects\wanderplan-ai\tests\integration\02-bucket-list-timing-pipeline.test.js:53:19)
    at processTicksAndRejections (node:internal/process/task_queues:103:5)
----
    at Test._assertStatus (C:\Users\gunja\OneDrive\Coding Projects\wanderplan-ai\tests\integration\node_modules\supertest\lib\test.js:252:14)
    at C:\Users\gunja\OneDrive\Coding Projects\wanderplan-ai\tests\integration\node_modules\supertest\lib\test.js:308:13
    at Test._assertFunction (C:\Users\gunja\OneDrive\Coding Projects\wanderplan-ai\tests\integration\node_modules\supertest\lib\test.js:285:13)
    at Test.assert (C:\Users\gunja\OneDrive\Coding Projects\wanderplan-ai\tests\integration\node_modules\supertest\lib\test.js:164:23)
    at localAssert (C:\Users\gunja\OneDrive\Coding Projects\wanderplan-ai\tests\integration\node_modules\supertest\lib\test.js:120:14)
    at C:\Users\gunja\OneDrive\Coding Projects\wanderplan-ai\tests\integration\node_modules\supertest\lib\test.js:125:7
    at Test.fn [as callback] (C:\Users\gunja\OneDrive\Coding Projects\wanderplan-ai\tests\integration\node_modules\superagent\src\node\index.js:925:3)
    at callback (C:\Users\gunja\OneDrive\Coding Projects\wanderplan-ai\tests\integration\node_modules\superagent\src\node\index.js:1166:18)
    at IncomingMessage.fn (C:\Users\gunja\OneDrive\Coding Projects\wanderplan-ai\tests\integration\node_modules\superagent\src\node\parsers\json.js:19:7)
    at IncomingMessage.emit (node:events:520:35)
    at endReadableNT (node:internal/streams/readable:1701:12)
    at processTicksAndRejections (node:internal/process/task_queues:89:21)</failure>
    </testcase>
    <testcase classname="02 — Bucket List → Timing Analysis Pipeline Every timing result has a best_window with valid ISO dates" name="02 — Bucket List → Timing Analysis Pipeline Every timing result has a best_window with valid ISO dates" time="0">
      <failure>Error: expected 201 &quot;Created&quot;, got 404 &quot;Not Found&quot;
    at createTrip (C:\Users\gunja\OneDrive\Coding Projects\wanderplan-ai\tests\integration\setup\helpers.js:81:6)
    at Object.&lt;anonymous&gt; (C:\Users\gunja\OneDrive\Coding Projects\wanderplan-ai\tests\integration\02-bucket-list-timing-pipeline.test.js:53:19)
    at processTicksAndRejections (node:internal/process/task_queues:103:5)
----
    at Test._assertStatus (C:\Users\gunja\OneDrive\Coding Projects\wanderplan-ai\tests\integration\node_modules\supertest\lib\test.js:252:14)
    at C:\Users\gunja\OneDrive\Coding Projects\wanderplan-ai\tests\integration\node_modules\supertest\lib\test.js:308:13
    at Test._assertFunction (C:\Users\gunja\OneDrive\Coding Projects\wanderplan-ai\tests\integration\node_modules\supertest\lib\test.js:285:13)
    at Test.assert (C:\Users\gunja\OneDrive\Coding Projects\wanderplan-ai\tests\integration\node_modules\supertest\lib\test.js:164:23)
    at localAssert (C:\Users\gunja\OneDrive\Coding Projects\wanderplan-ai\tests\integration\node_modules\supertest\lib\test.js:120:14)
    at C:\Users\gunja\OneDrive\Coding Projects\wanderplan-ai\tests\integration\node_modules\supertest\lib\test.js:125:7
    at Test.fn [as callback] (C:\Users\gunja\OneDrive\Coding Projects\wanderplan-ai\tests\integration\node_modules\superagent\src\node\index.js:925:3)
    at callback (C:\Users\gunja\OneDrive\Coding Projects\wanderplan-ai\tests\integration\node_modules\superagent\src\node\index.js:1166:18)
    at IncomingMessage.fn (C:\Users\gunja\OneDrive\Coding Projects\wanderplan-ai\tests\integration\node_modules\superagent\src\node\parsers\json.js:19:7)
    at IncomingMessage.emit (node:events:520:35)
    at endReadableNT (node:internal/streams/readable:1701:12)
    at processTicksAndRejections (node:internal/process/task_queues:89:21)</failure>
    </testcase>
    <testcase classname="02 — Bucket List → Timing Analysis Pipeline timing_results are persisted in the database" name="02 — Bucket List → Timing Analysis Pipeline timing_results are persisted in the database" time="0">
      <failure>Error: expected 201 &quot;Created&quot;, got 404 &quot;Not Found&quot;
[...]
    at IncomingMessage.fn (C:\Users\gunja\OneDrive\Coding Projects\wanderplan-ai\tests\integration\node_modules\superagent\src\node\parsers\json.js:19:7)
    at IncomingMessage.emit (node:events:520:35)
    at endReadableNT (node:internal/streams/readable:1701:12)
    at processTicksAndRejections (node:internal/process/task_queues:89:21)</failure>
    </testcase>
    <testcase classname="09 — Availability Edge Cases: No Overlapping Dates (5 Members) Response includes closest_windows array with ≥ 1 suggestion" name="09 — Availability Edge Cases: No Overlapping Dates (5 Members) Response includes closest_windows array with ≥ 1 suggestion" time="0">
      <failure>Error: expected 201 &quot;Created&quot;, got 404 &quot;Not Found&quot;
    at createTrip (C:\Users\gunja\OneDrive\Coding Projects\wanderplan-ai\tests\integration\setup\helpers.js:81:6)
    at Object.&lt;anonymous&gt; (C:\Users\gunja\OneDrive\Coding Projects\wanderplan-ai\tests\integration\09-availability-edge-cases.test.js:80:18)
    at processTicksAndRejections (node:internal/process/task_queues:103:5)
----
    at Test._assertStatus (C:\Users\gunja\OneDrive\Coding Projects\wanderplan-ai\tests\integration\node_modules\supertest\lib\test.js:252:14)
    at C:\Users\gunja\OneDrive\Coding Projects\wanderplan-ai\tests\integration\node_modules\supertest\lib\test.js:308:13
    at Test._assertFunction (C:\Users\gunja\OneDrive\Coding Projects\wanderplan-ai\tests\integration\node_modules\supertest\lib\test.js:285:13)
    at Test.assert (C:\Users\gunja\OneDrive\Coding Projects\wanderplan-ai\tests\integration\node_modules\supertest\lib\test.js:164:23)
    at localAssert (C:\Users\gunja\OneDrive\Coding Projects\wanderplan-ai\tests\integration\node_modules\supertest\lib\test.js:120:14)
    at C:\Users\gunja\OneDrive\Coding Projects\wanderplan-ai\tests\integration\node_modules\supertest\lib\test.js:125:7
    at Test.fn [as callback] (C:\Users\gunja\OneDrive\Coding Projects\wanderplan-ai\tests\integration\node_modules\superagent\src\node\index.js:925:3)
    at callback (C:\Users\gunja\OneDrive\Coding Projects\wanderplan-ai\tests\integration\node_modules\superagent\src\node\index.js:1166:18)
    at IncomingMessage.fn (C:\Users\gunja\OneDrive\Coding Projects\wanderplan-ai\tests\integration\node_modules\superagent\src\node\parsers\json.js:19:7)
    at IncomingMessage.emit (node:events:520:35)
    at endReadableNT (node:internal/streams/readable:1701:12)
    at processTicksAndRejections (node:internal/process/task_queues:89:21)</failure>
    </testcase>
    <testcase classname="09 — Availability Edge Cases: No Overlapping Dates (5 Members) Each closest_window suggestion has required fields" name="09 — Availability Edge Cases: No Overlapping Dates (5 Members) Each closest_window suggestion has required fields" time="0">
      <failure>Error: expected 201 &quot;Created&quot;, got 404 &quot;Not Found&quot;
    at createTrip (C:\Users\gunja\OneDrive\Coding Projects\wanderplan-ai\tests\integration\setup\helpers.js:81:6)
    at Object.&lt;anonymous&gt; (C:\Users\gunja\OneDrive\Coding Projects\wanderplan-ai\tests\integration\09-availability-edge-cases.test.js:80:18)
    at processTicksAndRejections (node:internal/process/task_queues:103:5)
----
    at Test._assertStatus (C:\Users\gunja\OneDrive\Coding Projects\wanderplan-ai\tests\integration\node_modules\supertest\lib\test.js:252:14)
    at C:\Users\gunja\OneDrive\Coding Projects\wanderplan-ai\tests\integration\node_modules\supertest\lib\test.js:308:13
    at Test._assertFunction (C:\Users\gunja\OneDrive\Coding Projects\wanderplan-ai\tests\integration\node_modules\supertest\lib\test.js:285:13)
    at Test.assert (C:\Users\gunja\OneDrive\Coding Projects\wanderplan-ai\tests\integration\node_modules\supertest\lib\test.js:164:23)
    at localAssert (C:\Users\gunja\OneDrive\Coding Projects\wanderplan-ai\tests\integration\node_modules\supertest\lib\test.js:120:14)
    at C:\Users\gunja\OneDrive\Coding Projects\wanderplan-ai\tests\integration\node_modules\supertest\lib\test.js:125:7
    at Test.fn [as callback] (C:\Users\gunja\OneDrive\Coding Projects\wanderplan-ai\tests\integration\node_modules\superagent\src\node\index.js:925:3)
    at callback (C:\Users\gunja\OneDrive\Coding Projects\wanderplan-ai\tests\integration\node_modules\superagent\src\node\index.js:1166:18)
    at IncomingMessage.fn (C:\Users\gunja\OneDrive\Coding Projects\wanderplan-ai\tests\integration\node_modules\superagent\src\node\parsers\json.js:19:7)
    at IncomingMessage.emit (node:events:520:35)
    at endReadableNT (node:internal/streams/readable:1701:12)
    at processTicksAndRejections (node:internal/process/task_queues:89:21)</failure>
    </testcase>
    <testcase classname="09 — Availability Edge Cases: No Overlapping Dates (5 Members) All suggested windows span ≥ 3 days (minimum viable trip)" name="09 — Availability Edge Cases: No Overlapping Dates (5 Members) All suggested windows span ≥ 3 days (minimum viable trip)" time="0.001">
      <failure>Error: expected 201 &quot;Created&quot;, got 404 &quot;Not Found&quot;
    at createTrip (C:\Users\gunja\OneDrive\Coding Projects\wanderplan-ai\tests\integration\setup\helpers.js:81:6)
    at Object.&lt;anonymous&gt; (C:\Users\gunja\OneDrive\Coding Projects\wanderplan-ai\tests\integration\09-availability-edge-cases.test.js:80:18)
    at processTicksAndRejections (node:internal/process/task_queues:103:5)
----
    at Test._assertStatus (C:\Users\gunja\OneDrive\Coding Projects\wanderplan-ai\tests\integration\node_modules\supertest\lib\test.js:252:14)
    at C:\Users\gunja\OneDrive\Coding Projects\wanderplan-ai\tests\integration\node_modules\supertest\lib\test.js:308:13
    at Test._assertFunction (C:\Users\gunja\OneDrive\Coding Projects\wanderplan-ai\tests\integration\node_modules\supertest\lib\test.js:285:13)
    at Test.assert (C:\Users\gunja\OneDrive\Coding Projects\wanderplan-ai\tests\integration\node_modules\supertest\lib\test.js:164:23)
    at localAssert (C:\Users\gunja\OneDrive\Coding Projects\wanderplan-ai\tests\integration\node_modules\supertest\lib\test.js:120:14)
    at C:\Users\gunja\OneDrive\Coding Projects\wanderplan-ai\tests\integration\node_modules\supertest\lib\test.js:125:7
    at Test.fn [as callback] (C:\Users\gunja\OneDrive\Coding Projects\wanderplan-ai\tests\integration\node_modules\superagent\src\node\index.js:925:3)
    at callback (C:\Users\gunja\OneDrive\Coding Projects\wanderplan-ai\tests\integration\node_modules\superagent\src\node\index.js:1166:18)
    at IncomingMessage.fn (C:\Users\gunja\OneDrive\Coding Projects\wanderplan-ai\tests\integration\node_modules\superagent\src\node\parsers\json.js:19:7)
    at IncomingMessage.emit (node:events:520:35)
    at endReadableNT (node:internal/streams/readable:1701:12)
    at processTicksAndRejections (node:internal/process/task_queues:89:21)</failure>
    </testcase>
    <testcase classname="09 — Availability Edge Cases: No Overlapping Dates (5 Members) members_available + members_to_adjust = 5 for each suggestion" name="09 — Availability Edge Cases: No Overlapping Dates (5 Members) members_available + members_to_adjust = 5 for each suggestion" time="0">
      <failure>Error: expected 201 &quot;Created&quot;, got 404 &quot;Not Found&quot;
    at createTrip (C:\Users\gunja\OneDrive\Coding Projects\wanderplan-ai\tests\integration\setup\helpers.js:81:6)
    at Object.&lt;anonymous&gt; (C:\Users\gunja\OneDrive\Coding Projects\wanderplan-ai\tests\integration\09-availability-edge-cases.test.js:80:18)
    at processTicksAndRejections (node:internal/process/task_queues:103:5)
----
    at Test._assertStatus (C:\Users\gunja\OneDrive\Coding Projects\wanderplan-ai\tests\integration\node_modules\supertest\lib\test.js:252:14)
    at C:\Users\gunja\OneDrive\Coding Projects\wanderplan-ai\tests\integration\node_modules\supertest\lib\test.js:308:13
    at Test._assertFunction (C:\Users\gunja\OneDrive\Coding Projects\wanderplan-ai\tests\integration\node_modules\supertest\lib\test.js:285:13)
    at Test.assert (C:\Users\gunja\OneDrive\Coding Projects\wanderplan-ai\tests\integration\node_modules\supertest\lib\test.js:164:23)
    at localAssert (C:\Users\gunja\OneDrive\Coding Projects\wanderplan-ai\tests\integration\node_modules\supertest\lib\test.js:120:14)
    at C:\Users\gunja\OneDrive\Coding Projects\wanderplan-ai\tests\integration\node_modules\supertest\lib\test.js:125:7
    at Test.fn [as callback] (C:\Users\gunja\OneDrive\Coding Projects\wanderplan-ai\tests\integration\node_modules\superagent\src\node\index.js:925:3)
    at callback (C:\Users\gunja\OneDrive\Coding Projects\wanderplan-ai\tests\integration\node_modules\superagent\src\node\index.js:1166:18)
    at IncomingMessage.fn (C:\Users\gunja\OneDrive\Coding Projects\wanderplan-ai\tests\integration\node_modules\superagent\src\node\parsers\json.js:19:7)
    at IncomingMessage.emit (node:events:520:35)
    at endReadableNT (node:internal/streams/readable:1701:12)
    at processTicksAndRejections (node:internal/process/task_queues:89:21)</failure>
    </testcase>
    <testcase classname="09 — Availability Edge Cases: No Overlapping Dates (5 Members) overlap_days is positive for every suggestion" name="09 — Availability Edge Cases: No Overlapping Dates (5 Members) overlap_days is positive for every suggestion" time="0.001">
      <failure>Error: expected 201 &quot;Created&quot;, got 404 &quot;Not Found&quot;
    at createTrip (C:\Users\gunja\OneDrive\Coding Projects\wanderplan-ai\tests\integration\setup\helpers.js:81:6)
    at Object.&lt;anonymous&gt; (C:\Users\gunja\OneDrive\Coding Projects\wanderplan-ai\tests\integration\09-availability-edge-cases.test.js:80:18)
    at processTicksAndRejections (node:internal/process/task_queues:103:5)
----
    at Test._assertStatus (C:\Users\gunja\OneDrive\Coding Projects\wanderplan-ai\tests\integration\node_modules\supertest\lib\test.js:252:14)
    at C:\Users\gunja\OneDrive\Coding Projects\wanderplan-ai\tests\integration\node_modules\supertest\lib\test.js:308:13
    at Test._assertFunction (C:\Users\gunja\OneDrive\Coding Projects\wanderplan-ai\tests\integration\node_modules\supertest\lib\test.js:285:13)
    at Test.assert (C:\Users\gunja\OneDrive\Coding Projects\wanderplan-ai\tests\integration\node_modules\supertest\lib\test.js:164:23)
    at localAssert (C:\Users\gunja\OneDrive\Coding Projects\wanderplan-ai\tests\integration\node_modules\supertest\lib\test.js:120:14)
    at C:\Users\gunja\OneDrive\Coding Projects\wanderplan-ai\tests\integration\node_modules\supertest\lib\test.js:125:7
    at Test.fn [as callback] (C:\Users\gunja\OneDrive\Coding Projects\wanderplan-ai\tests\integration\node_modules\superagent\src\node\index.js:925:3)
    at callback (C:\Users\gunja\OneDrive\Coding Projects\wanderplan-ai\tests\integration\node_modules\superagent\src\node\index.js:1166:18)
    at IncomingMessage.fn (C:\Users\gunja\OneDrive\Coding Projects\wanderplan-ai\tests\integration\node_modules\superagent\src\node\parsers\json.js:19:7)
    at IncomingMessage.emit (node:events:520:35)
    at endReadableNT (node:internal/streams/readable:1701:12)
    at processTicksAndRejections (node:internal/process/task_queues:89:21)</failure>
    </testcase>
    <testcase classname="09 — Availability Edge Cases: No Overlapping Dates (5 Members) Response has prompt_members_to_adjust = true" name="09 — Availability Edge Cases: No Overlapping Dates (5 Members) Response has prompt_members_to_adjust = true" time="0">
      <failure>Error: expected 201 &quot;Created&quot;, got 404 &quot;Not Found&quot;
    at createTrip (C:\Users\gunja\OneDrive\Coding Projects\wanderplan-ai\tests\integration\setup\helpers.js:81:6)
    at Object.&lt;anonymous&gt; (C:\Users\gunja\OneDrive\Coding Projects\wanderplan-ai\tests\integration\09-availability-edge-cases.test.js:80:18)
    at processTicksAndRejections (node:internal/process/task_queues:103:5)
----
    at Test._assertStatus (C:\Users\gunja\OneDrive\Coding Projects\wanderplan-ai\tests\integration\node_modules\supertest\lib\test.js:252:14)
    at C:\Users\gunja\OneDrive\Coding Projects\wanderplan-ai\tests\integration\node_modules\supertest\lib\test.js:308:13
    at Test._assertFunction (C:\Users\gunja\OneDrive\Coding Projects\wanderplan-ai\tests\integration\node_modules\supertest\lib\test.js:285:13)
    at Test.assert (C:\Users\gunja\OneDrive\Coding Projects\wanderplan-ai\tests\integration\node_modules\supertest\lib\test.js:164:23)
    at localAssert (C:\Users\gunja\OneDrive\Coding Projects\wanderplan-ai\tests\integration\node_modules\supertest\lib\test.js:120:14)
    at C:\Users\gunja\OneDrive\Coding Projects\wanderplan-ai\tests\integration\node_modules\supertest\lib\test.js:125:7
    at Test.fn [as callback] (C:\Users\gunja\OneDrive\Coding Projects\wanderplan-ai\tests\integration\node_modules\superagent\src\node\index.js:925:3)
    at callback (C:\Users\gunja\OneDrive\Coding Projects\wanderplan-ai\tests\integration\node_modules\superagent\src\node\index.js:1166:18)
    at IncomingMessage.fn (C:\Users\gunja\OneDrive\Coding Projects\wanderplan-ai\tests\integration\node_modules\superagent\src\node\parsers\json.js:19:7)
    at IncomingMessage.emit (node:events:520:35)
    at endReadableNT (node:internal/streams/readable:1701:12)
    at processTicksAndRejections (node:internal/process/task_queues:89:21)</failure>
    </testcase>
    <testcase classname="09 — Availability Edge Cases: No Overlapping Dates (5 Members) Response includes a human-readable message about adjusting dates" name="09 — Availability Edge Cases: No Overlapping Dates (5 Members) Response includes a human-readable message about adjusting dates" time="0">
      <failure>Error: expected 201 &quot;Created&quot;, got 404 &quot;Not Found&quot;
    at createTrip (C:\Users\gunja\OneDrive\Coding Projects\wanderplan-ai\tests\integration\setup\helpers.js:81:6)
    at Object.&lt;anonymous&gt; (C:\Users\gunja\OneDrive\Coding Projects\wanderplan-ai\tests\integration\09-availability-edge-cases.test.js:80:18)
    at processTicksAndRejections (node:internal/process/task_queues:103:5)
----
    at Test._assertStatus (C:\Users\gunja\OneDrive\Coding Projects\wanderplan-ai\tests\integration\node_modules\supertest\lib\test.js:252:14)
    at C:\Users\gunja\OneDrive\Coding Projects\wanderplan-ai\tests\integration\node_modules\supertest\lib\test.js:308:13
    at Test._assertFunction (C:\Users\gunja\OneDrive\Coding Projects\wanderplan-ai\tests\integration\node_modules\supertest\lib\test.js:285:13)
    at Test.assert (C:\Users\gunja\OneDrive\Coding Projects\wanderplan-ai\tests\integration\node_modules\supertest\lib\test.js:164:23)
    at localAssert (C:\Users\gunja\OneDrive\Coding Projects\wanderplan-ai\tests\integration\node_modules\supertest\lib\test.js:120:14)
    at C:\Users\gunja\OneDrive\Coding Projects\wanderplan-ai\tests\integration\node_modules\supertest\lib\test.js:125:7
    at Test.fn [as callback] (C:\Users\gunja\OneDrive\Coding Projects\wanderplan-ai\tests\integration\node_modules\superagent\src\node\index.js:925:3)
    at callback (C:\Users\gunja\OneDrive\Coding Projects\wanderplan-ai\tests\integration\node_modules\superagent\src\node\index.js:1166:18)
    at IncomingMessage.fn (C:\Users\gunja\OneDrive\Coding Projects\wanderplan-ai\tests\integration\node_modules\superagent\src\node\parsers\json.js:19:7)
    at IncomingMessage.emit (node:events:520:35)
    at endReadableNT (node:internal/streams/readable:1701:12)
    at processTicksAndRejections (node:internal/process/task_queues:89:21)</failure>
    </testcase>
    <testcase classname="09 — Availability Edge Cases: No Overlapping Dates (5 Members) Suggestions are ranked by members_available (descending — most available first)" name="09 — Availability Edge Cases: No Overlapping Dates (5 Members) Suggestions are ranked by members_available (descending — most available first)" time="0">
      <failure>Error: expected 201 &quot;Created&quot;, got 404 &quot;Not Found&quot;
    at createTrip (C:\Users\gunja\OneDrive\Coding Projects\wanderplan-ai\tests\integration\setup\helpers.js:81:6)
    at Object.&lt;anonymous&gt; (C:\Users\gunja\OneDrive\Coding Projects\wanderplan-ai\tests\integration\09-availability-edge-cases.test.js:80:18)
    at processTicksAndRejections (node:internal/process/task_queues:103:5)
----
    at Test._assertStatus (C:\Users\gunja\OneDrive\Coding Projects\wanderplan-ai\tests\integration\node_modules\supertest\lib\test.js:252:14)
    at C:\Users\gunja\OneDrive\Coding Projects\wanderplan-ai\tests\integration\node_modules\supertest\lib\test.js:308:13
    at Test._assertFunction (C:\Users\gunja\OneDrive\Coding Projects\wanderplan-ai\tests\integration\node_modules\supertest\lib\test.js:285:13)
    at Test.assert (C:\Users\gunja\OneDrive\Coding Projects\wanderplan-ai\tests\integration\node_modules\supertest\lib\test.js:164:23)
    at localAssert (C:\Users\gunja\OneDrive\Coding Projects\wanderplan-ai\tests\integration\node_modules\supertest\lib\test.js:120:14)
    at C:\Users\gunja\OneDrive\Coding Projects\wanderplan-ai\tests\integration\node_modules\supertest\lib\test.js:125:7
    at Test.fn [as callback] (C:\Users\gunja\OneDrive\Coding Projects\wanderplan-ai\tests\integration\node_modules\superagent\src\node\index.js:925:3)
    at callback (C:\Users\gunja\OneDrive\Coding Projects\wanderplan-ai\tests\integration\node_modules\superagent\src\node\index.js:1166:18)
    at IncomingMessage.fn (C:\Users\gunja\OneDrive\Coding Projects\wanderplan-ai\tests\integration\node_modules\superagent\src\node\parsers\json.js:19:7)
    at IncomingMessage.emit (node:events:520:35)
    at endReadableNT (node:internal/streams/readable:1701:12)
    at processTicksAndRejections (node:internal/process/task_queues:89:21)</failure>
    </testcase>
    <testcase classname="09 — Availability Edge Cases: No Overlapping Dates (5 Members) Adding overlapping availability for all members resolves to a valid window" name="09 — Availability Edge Cases: No Overlapping Dates (5 Members) Adding overlapping availability for all members resolves to a valid window" time="0">
      <failure>Error: expected 201 &quot;Created&quot;, got 404 &quot;Not Found&quot;
    at createTrip (C:\Users\gunja\OneDrive\Coding Projects\wanderplan-ai\tests\integration\setup\helpers.js:81:6)
    at Object.&lt;anonymous&gt; (C:\Users\gunja\OneDrive\Coding Projects\wanderplan-ai\tests\integration\09-availability-edge-cases.test.js:80:18)
    at processTicksAndRejections (node:internal/process/task_queues:103:5)
----
    at Test._assertStatus (C:\Users\gunja\OneDrive\Coding Projects\wanderplan-ai\tests\integration\node_modules\supertest\lib\test.js:252:14)
    at C:\Users\gunja\OneDrive\Coding Projects\wanderplan-ai\tests\integration\node_modules\supertest\lib\test.js:308:13
    at Test._assertFunction (C:\Users\gunja\OneDrive\Coding Projects\wanderplan-ai\tests\integration\node_modules\supertest\lib\test.js:285:13)
    at Test.assert (C:\Users\gunja\OneDrive\Coding Projects\wanderplan-ai\tests\integration\node_modules\supertest\lib\test.js:164:23)
    at localAssert (C:\Users\gunja\OneDrive\Coding Projects\wanderplan-ai\tests\integration\node_modules\supertest\lib\test.js:120:14)
    at C:\Users\gunja\OneDrive\Coding Projects\wanderplan-ai\tests\integration\node_modules\supertest\lib\test.js:125:7
    at Test.fn [as callback] (C:\Users\gunja\OneDrive\Coding Projects\wanderplan-ai\tests\integration\node_modules\superagent\src\node\index.js:925:3)
    at callback (C:\Users\gunja\OneDrive\Coding Projects\wanderplan-ai\tests\integration\node_modules\superagent\src\node\index.js:1166:18)
    at IncomingMessage.fn (C:\Users\gunja\OneDrive\Coding Projects\wanderplan-ai\tests\integration\node_modules\superagent\src\node\parsers\json.js:19:7)
    at IncomingMessage.emit (node:events:520:35)
    at endReadableNT (node:internal/streams/readable:1701:12)
    at processTicksAndRejections (node:internal/process/task_queues:89:21)</failure>
    </testcase>
  </testsuite>
</testsuites>